-- Found ament_cmake: 1.3.12 (/opt/ros/humble/share/ament_cmake/cmake)
-- Found rclcpp: 16.0.15 (/opt/ros/humble/share/rclcpp/cmake)
-- Found rosidl_generator_c: 3.1.7 (/opt/ros/humble/share/rosidl_generator_c/cmake)
-- Found rosidl_adapter: 3.1.7 (/opt/ros/humble/share/rosidl_adapter/cmake)
-- Found rosidl_generator_cpp: 3.1.7 (/opt/ros/humble/share/rosidl_generator_cpp/cmake)
-- Using all available rosidl_typesupport_c: rosidl_typesupport_fastrtps_c;rosidl_typesupport_introspection_c
-- Using all available rosidl_typesupport_cpp: rosidl_typesupport_fastrtps_cpp;rosidl_typesupport_introspection_cpp
-- Found rmw_implementation_cmake: 6.1.2 (/opt/ros/humble/share/rmw_implementation_cmake/cmake)
-- Found rmw_fastrtps_cpp: 6.2.9 (/opt/ros/humble/share/rmw_fastrtps_cpp/cmake)
-- Using RMW implementation 'rmw_fastrtps_cpp' as default
-- Found sensor_msgs: 4.9.0 (/opt/ros/humble/share/sensor_msgs/cmake)
-- Found ament_lint_auto: 0.12.14 (/opt/ros/humble/share/ament_lint_auto/cmake)
-- Added test 'cppcheck' to perform static code analysis on C / C++ code
-- Configured cppcheck include dirs: $<BUILD_INTERFACE:/root/ws/src/lidar_driver/include/lidar_driver>
-- Configured cppcheck exclude dirs and/or files: 
-- Added test 'lint_cmake' to check CMake code style
-- Added test 'uncrustify' to check C / C++ code style
-- Configured uncrustify additional arguments: 
-- Added test 'xmllint' to check XML markup files
-- Configuring done
-- Generating done
-- Build files have been written to: /root/ws/src/build/lidar_driver
[35m[1mConsolidate compiler generated dependencies of target lidar_driver[0m
[ 40%] [32mBuilding CXX object CMakeFiles/lidar_driver.dir/src/cmd_interface_linux.cpp.o[0m
[ 40%] [32mBuilding CXX object CMakeFiles/lidar_driver.dir/src/tofbf.cpp.o[0m
[ 60%] [32mBuilding CXX object CMakeFiles/lidar_driver.dir/src/lipkg.cpp.o[0m
[ 80%] [32m[1mLinking CXX executable lidar_driver[0m
[100%] Built target lidar_driver
-- Install configuration: ""
-- Installing: /root/ws/src/install/lidar_driver/lib/lidar_driver/lidar_driver
-- Set runtime path of "/root/ws/src/install/lidar_driver/lib/lidar_driver/lidar_driver" to ""
-- Installing: /root/ws/src/install/lidar_driver/include
-- Installing: /root/ws/src/install/lidar_driver/include/lidar_driver
-- Installing: /root/ws/src/install/lidar_driver/include/lidar_driver/lipkg.h
-- Installing: /root/ws/src/install/lidar_driver/include/lidar_driver/cmd_interface_linux.h
-- Installing: /root/ws/src/install/lidar_driver/include/lidar_driver/tofbf.h
-- Installing: /root/ws/src/install/lidar_driver/include/lidar_driver/scan_data.h
-- Installing: /root/ws/src/install/lidar_driver/include/lidar_driver/pointdata.h
-- Installing: /root/ws/src/install/lidar_driver/share/ament_index/resource_index/package_run_dependencies/lidar_driver
-- Installing: /root/ws/src/install/lidar_driver/share/ament_index/resource_index/parent_prefix_path/lidar_driver
-- Installing: /root/ws/src/install/lidar_driver/share/lidar_driver/environment/ament_prefix_path.sh
-- Installing: /root/ws/src/install/lidar_driver/share/lidar_driver/environment/ament_prefix_path.dsv
-- Installing: /root/ws/src/install/lidar_driver/share/lidar_driver/environment/path.sh
-- Installing: /root/ws/src/install/lidar_driver/share/lidar_driver/environment/path.dsv
-- Installing: /root/ws/src/install/lidar_driver/share/lidar_driver/local_setup.bash
-- Installing: /root/ws/src/install/lidar_driver/share/lidar_driver/local_setup.sh
-- Installing: /root/ws/src/install/lidar_driver/share/lidar_driver/local_setup.zsh
-- Installing: /root/ws/src/install/lidar_driver/share/lidar_driver/local_setup.dsv
-- Installing: /root/ws/src/install/lidar_driver/share/lidar_driver/package.dsv
-- Installing: /root/ws/src/install/lidar_driver/share/ament_index/resource_index/packages/lidar_driver
-- Installing: /root/ws/src/install/lidar_driver/share/lidar_driver/cmake/lidar_driverConfig.cmake
-- Installing: /root/ws/src/install/lidar_driver/share/lidar_driver/cmake/lidar_driverConfig-version.cmake
-- Installing: /root/ws/src/install/lidar_driver/share/lidar_driver/package.xml
