[0.326s] DEBUG:colcon:Command line arguments: ['/usr/bin/colcon', 'build', '--packages-select', 'burger_bring_up']
[0.326s] DEBUG:colcon:Parsed command line arguments: Namespace(log_base=None, log_level=None, verb_name='build', build_base='build', install_base='install', merge_install=False, symlink_install=False, test_result_base=None, continue_on_error=False, executor='parallel', parallel_workers=4, event_handlers=None, ignore_user_meta=False, metas=['./colcon.meta'], base_paths=['.'], packages_ignore=None, packages_ignore_regex=None, paths=None, packages_up_to=None, packages_up_to_regex=None, packages_above=None, packages_above_and_dependencies=None, packages_above_depth=None, packages_select_by_dep=None, packages_skip_by_dep=None, packages_skip_up_to=None, packages_select_build_failed=False, packages_skip_build_finished=False, packages_select_test_failures=False, packages_skip_test_passed=False, packages_select=['burger_bring_up'], packages_skip=None, packages_select_regex=None, packages_skip_regex=None, packages_start=None, packages_end=None, cmake_args=None, cmake_target=None, cmake_target_skip_unavailable=False, cmake_clean_cache=False, cmake_clean_first=False, cmake_force_configure=False, ament_cmake_args=None, catkin_cmake_args=None, catkin_skip_building_tests=False, mixin_files=None, mixin=None, verb_parser=<colcon_mixin.mixin.mixin_argument.MixinArgumentDecorator object at 0x7fff0c7bde70>, verb_extension=<colcon_core.verb.build.BuildVerb object at 0x7fff0c7bd900>, main=<bound method BuildVerb.main of <colcon_core.verb.build.BuildVerb object at 0x7fff0c7bd900>>, mixin_verb=('build',))
[0.559s] Level 1:colcon.colcon_core.package_discovery:discover_packages(colcon_meta) check parameters
[0.560s] INFO:colcon.colcon_metadata.package_discovery.colcon_meta:Using configuration from '/root/.colcon/metadata/default/Gazebo.meta'
[0.561s] INFO:colcon.colcon_metadata.package_discovery.colcon_meta:Using configuration from '/root/.colcon/metadata/default/fastdds.meta'
[0.561s] INFO:colcon.colcon_metadata.package_discovery.colcon_meta:Using configuration from '/root/.colcon/metadata/default/fastrtps.meta'
[0.561s] Level 1:colcon.colcon_core.package_discovery:discover_packages(recursive) check parameters
[0.561s] Level 1:colcon.colcon_core.package_discovery:discover_packages(ignore) check parameters
[0.561s] Level 1:colcon.colcon_core.package_discovery:discover_packages(path) check parameters
[0.561s] Level 1:colcon.colcon_core.package_discovery:discover_packages(colcon_meta) discover
[0.561s] Level 1:colcon.colcon_core.package_discovery:discover_packages(recursive) discover
[0.561s] INFO:colcon.colcon_core.package_discovery:Crawling recursively for packages in '/root/ws/src'
[0.561s] Level 1:colcon.colcon_core.package_identification:_identify(.) by extensions ['ignore', 'ignore_ament_install']
[0.562s] Level 1:colcon.colcon_core.package_identification:_identify(.) by extension 'ignore'
[0.563s] Level 1:colcon.colcon_core.package_identification:_identify(.) by extension 'ignore_ament_install'
[0.563s] Level 1:colcon.colcon_core.package_identification:_identify(.) by extensions ['colcon_pkg']
[0.563s] Level 1:colcon.colcon_core.package_identification:_identify(.) by extension 'colcon_pkg'
[0.563s] Level 1:colcon.colcon_core.package_identification:_identify(.) by extensions ['colcon_meta']
[0.563s] Level 1:colcon.colcon_core.package_identification:_identify(.) by extension 'colcon_meta'
[0.563s] Level 1:colcon.colcon_core.package_identification:_identify(.) by extensions ['ros']
[0.563s] Level 1:colcon.colcon_core.package_identification:_identify(.) by extension 'ros'
[0.585s] Level 1:colcon.colcon_core.package_identification:_identify(.) by extensions ['cmake', 'python']
[0.585s] Level 1:colcon.colcon_core.package_identification:_identify(.) by extension 'cmake'
[0.585s] Level 1:colcon.colcon_core.package_identification:_identify(.) by extension 'python'
[0.585s] Level 1:colcon.colcon_core.package_identification:_identify(.) by extensions ['python_setup_py']
[0.585s] Level 1:colcon.colcon_core.package_identification:_identify(.) by extension 'python_setup_py'
[0.585s] Level 1:colcon.colcon_core.package_identification:_identify(build) by extensions ['ignore', 'ignore_ament_install']
[0.585s] Level 1:colcon.colcon_core.package_identification:_identify(build) by extension 'ignore'
[0.585s] Level 1:colcon.colcon_core.package_identification:_identify(build) ignored
[0.586s] Level 1:colcon.colcon_core.package_identification:_identify(burger_bring_up) by extensions ['ignore', 'ignore_ament_install']
[0.586s] Level 1:colcon.colcon_core.package_identification:_identify(burger_bring_up) by extension 'ignore'
[0.586s] Level 1:colcon.colcon_core.package_identification:_identify(burger_bring_up) by extension 'ignore_ament_install'
[0.586s] Level 1:colcon.colcon_core.package_identification:_identify(burger_bring_up) by extensions ['colcon_pkg']
[0.586s] Level 1:colcon.colcon_core.package_identification:_identify(burger_bring_up) by extension 'colcon_pkg'
[0.586s] Level 1:colcon.colcon_core.package_identification:_identify(burger_bring_up) by extensions ['colcon_meta']
[0.586s] Level 1:colcon.colcon_core.package_identification:_identify(burger_bring_up) by extension 'colcon_meta'
[0.586s] Level 1:colcon.colcon_core.package_identification:_identify(burger_bring_up) by extensions ['ros']
[0.586s] Level 1:colcon.colcon_core.package_identification:_identify(burger_bring_up) by extension 'ros'
[0.590s] DEBUG:colcon.colcon_core.package_identification:Package 'burger_bring_up' with type 'ros.ament_cmake' and name 'burger_bring_up'
[0.590s] Level 1:colcon.colcon_core.package_identification:_identify(install) by extensions ['ignore', 'ignore_ament_install']
[0.590s] Level 1:colcon.colcon_core.package_identification:_identify(install) by extension 'ignore'
[0.590s] Level 1:colcon.colcon_core.package_identification:_identify(install) ignored
[0.590s] Level 1:colcon.colcon_core.package_identification:_identify(joy_service_node) by extensions ['ignore', 'ignore_ament_install']
[0.590s] Level 1:colcon.colcon_core.package_identification:_identify(joy_service_node) by extension 'ignore'
[0.591s] Level 1:colcon.colcon_core.package_identification:_identify(joy_service_node) by extension 'ignore_ament_install'
[0.591s] Level 1:colcon.colcon_core.package_identification:_identify(joy_service_node) by extensions ['colcon_pkg']
[0.591s] Level 1:colcon.colcon_core.package_identification:_identify(joy_service_node) by extension 'colcon_pkg'
[0.591s] Level 1:colcon.colcon_core.package_identification:_identify(joy_service_node) by extensions ['colcon_meta']
[0.591s] Level 1:colcon.colcon_core.package_identification:_identify(joy_service_node) by extension 'colcon_meta'
[0.591s] Level 1:colcon.colcon_core.package_identification:_identify(joy_service_node) by extensions ['ros']
[0.591s] Level 1:colcon.colcon_core.package_identification:_identify(joy_service_node) by extension 'ros'
[0.592s] DEBUG:colcon.colcon_core.package_identification:Package 'joy_service_node' with type 'ros.ament_cmake' and name 'joy_service_node'
[0.592s] Level 1:colcon.colcon_core.package_identification:_identify(joy_teleop_twist_ref) by extensions ['ignore', 'ignore_ament_install']
[0.592s] Level 1:colcon.colcon_core.package_identification:_identify(joy_teleop_twist_ref) by extension 'ignore'
[0.592s] Level 1:colcon.colcon_core.package_identification:_identify(joy_teleop_twist_ref) by extension 'ignore_ament_install'
[0.592s] Level 1:colcon.colcon_core.package_identification:_identify(joy_teleop_twist_ref) by extensions ['colcon_pkg']
[0.592s] Level 1:colcon.colcon_core.package_identification:_identify(joy_teleop_twist_ref) by extension 'colcon_pkg'
[0.592s] Level 1:colcon.colcon_core.package_identification:_identify(joy_teleop_twist_ref) by extensions ['colcon_meta']
[0.592s] Level 1:colcon.colcon_core.package_identification:_identify(joy_teleop_twist_ref) by extension 'colcon_meta'
[0.592s] Level 1:colcon.colcon_core.package_identification:_identify(joy_teleop_twist_ref) by extensions ['ros']
[0.592s] Level 1:colcon.colcon_core.package_identification:_identify(joy_teleop_twist_ref) by extension 'ros'
[0.593s] DEBUG:colcon.colcon_core.package_identification:Package 'joy_teleop_twist_ref' with type 'ros.ament_cmake' and name 'joy_teleop_twist_ref'
[0.593s] Level 1:colcon.colcon_core.package_identification:_identify(lidar_driver) by extensions ['ignore', 'ignore_ament_install']
[0.593s] Level 1:colcon.colcon_core.package_identification:_identify(lidar_driver) by extension 'ignore'
[0.593s] Level 1:colcon.colcon_core.package_identification:_identify(lidar_driver) by extension 'ignore_ament_install'
[0.593s] Level 1:colcon.colcon_core.package_identification:_identify(lidar_driver) by extensions ['colcon_pkg']
[0.593s] Level 1:colcon.colcon_core.package_identification:_identify(lidar_driver) by extension 'colcon_pkg'
[0.593s] Level 1:colcon.colcon_core.package_identification:_identify(lidar_driver) by extensions ['colcon_meta']
[0.593s] Level 1:colcon.colcon_core.package_identification:_identify(lidar_driver) by extension 'colcon_meta'
[0.593s] Level 1:colcon.colcon_core.package_identification:_identify(lidar_driver) by extensions ['ros']
[0.593s] Level 1:colcon.colcon_core.package_identification:_identify(lidar_driver) by extension 'ros'
[0.594s] DEBUG:colcon.colcon_core.package_identification:Package 'lidar_driver' with type 'ros.ament_cmake' and name 'lidar_driver'
[0.594s] Level 1:colcon.colcon_core.package_identification:_identify(log) by extensions ['ignore', 'ignore_ament_install']
[0.594s] Level 1:colcon.colcon_core.package_identification:_identify(log) by extension 'ignore'
[0.594s] Level 1:colcon.colcon_core.package_identification:_identify(log) ignored
[0.594s] Level 1:colcon.colcon_core.package_identification:_identify(module3_driver) by extensions ['ignore', 'ignore_ament_install']
[0.594s] Level 1:colcon.colcon_core.package_identification:_identify(module3_driver) by extension 'ignore'
[0.595s] Level 1:colcon.colcon_core.package_identification:_identify(module3_driver) by extension 'ignore_ament_install'
[0.595s] Level 1:colcon.colcon_core.package_identification:_identify(module3_driver) by extensions ['colcon_pkg']
[0.595s] Level 1:colcon.colcon_core.package_identification:_identify(module3_driver) by extension 'colcon_pkg'
[0.595s] Level 1:colcon.colcon_core.package_identification:_identify(module3_driver) by extensions ['colcon_meta']
[0.595s] Level 1:colcon.colcon_core.package_identification:_identify(module3_driver) by extension 'colcon_meta'
[0.595s] Level 1:colcon.colcon_core.package_identification:_identify(module3_driver) by extensions ['ros']
[0.595s] Level 1:colcon.colcon_core.package_identification:_identify(module3_driver) by extension 'ros'
[0.596s] DEBUG:colcon.colcon_core.package_identification:Package 'module3_driver' with type 'ros.ament_cmake' and name 'module3_driver'
[0.596s] Level 1:colcon.colcon_core.package_identification:_identify(realsense-ros) by extensions ['ignore', 'ignore_ament_install']
[0.596s] Level 1:colcon.colcon_core.package_identification:_identify(realsense-ros) by extension 'ignore'
[0.596s] Level 1:colcon.colcon_core.package_identification:_identify(realsense-ros) by extension 'ignore_ament_install'
[0.596s] Level 1:colcon.colcon_core.package_identification:_identify(realsense-ros) by extensions ['colcon_pkg']
[0.596s] Level 1:colcon.colcon_core.package_identification:_identify(realsense-ros) by extension 'colcon_pkg'
[0.596s] Level 1:colcon.colcon_core.package_identification:_identify(realsense-ros) by extensions ['colcon_meta']
[0.596s] Level 1:colcon.colcon_core.package_identification:_identify(realsense-ros) by extension 'colcon_meta'
[0.596s] Level 1:colcon.colcon_core.package_identification:_identify(realsense-ros) by extensions ['ros']
[0.596s] Level 1:colcon.colcon_core.package_identification:_identify(realsense-ros) by extension 'ros'
[0.597s] Level 1:colcon.colcon_core.package_identification:_identify(realsense-ros) by extensions ['cmake', 'python']
[0.597s] Level 1:colcon.colcon_core.package_identification:_identify(realsense-ros) by extension 'cmake'
[0.597s] Level 1:colcon.colcon_core.package_identification:_identify(realsense-ros) by extension 'python'
[0.597s] Level 1:colcon.colcon_core.package_identification:_identify(realsense-ros) by extensions ['python_setup_py']
[0.597s] Level 1:colcon.colcon_core.package_identification:_identify(realsense-ros) by extension 'python_setup_py'
[0.597s] Level 1:colcon.colcon_core.package_identification:_identify(realsense-ros/realsense2_camera) by extensions ['ignore', 'ignore_ament_install']
[0.597s] Level 1:colcon.colcon_core.package_identification:_identify(realsense-ros/realsense2_camera) by extension 'ignore'
[0.597s] Level 1:colcon.colcon_core.package_identification:_identify(realsense-ros/realsense2_camera) by extension 'ignore_ament_install'
[0.597s] Level 1:colcon.colcon_core.package_identification:_identify(realsense-ros/realsense2_camera) by extensions ['colcon_pkg']
[0.597s] Level 1:colcon.colcon_core.package_identification:_identify(realsense-ros/realsense2_camera) by extension 'colcon_pkg'
[0.597s] Level 1:colcon.colcon_core.package_identification:_identify(realsense-ros/realsense2_camera) by extensions ['colcon_meta']
[0.597s] Level 1:colcon.colcon_core.package_identification:_identify(realsense-ros/realsense2_camera) by extension 'colcon_meta'
[0.597s] Level 1:colcon.colcon_core.package_identification:_identify(realsense-ros/realsense2_camera) by extensions ['ros']
[0.597s] Level 1:colcon.colcon_core.package_identification:_identify(realsense-ros/realsense2_camera) by extension 'ros'
[0.606s] DEBUG:colcon.colcon_core.package_identification:Package 'realsense-ros/realsense2_camera' with type 'ros.ament_cmake' and name 'realsense2_camera'
[0.606s] Level 1:colcon.colcon_core.package_identification:_identify(realsense-ros/realsense2_camera_msgs) by extensions ['ignore', 'ignore_ament_install']
[0.606s] Level 1:colcon.colcon_core.package_identification:_identify(realsense-ros/realsense2_camera_msgs) by extension 'ignore'
[0.606s] Level 1:colcon.colcon_core.package_identification:_identify(realsense-ros/realsense2_camera_msgs) by extension 'ignore_ament_install'
[0.606s] Level 1:colcon.colcon_core.package_identification:_identify(realsense-ros/realsense2_camera_msgs) by extensions ['colcon_pkg']
[0.606s] Level 1:colcon.colcon_core.package_identification:_identify(realsense-ros/realsense2_camera_msgs) by extension 'colcon_pkg'
[0.606s] Level 1:colcon.colcon_core.package_identification:_identify(realsense-ros/realsense2_camera_msgs) by extensions ['colcon_meta']
[0.606s] Level 1:colcon.colcon_core.package_identification:_identify(realsense-ros/realsense2_camera_msgs) by extension 'colcon_meta'
[0.606s] Level 1:colcon.colcon_core.package_identification:_identify(realsense-ros/realsense2_camera_msgs) by extensions ['ros']
[0.606s] Level 1:colcon.colcon_core.package_identification:_identify(realsense-ros/realsense2_camera_msgs) by extension 'ros'
[0.608s] DEBUG:colcon.colcon_core.package_identification:Package 'realsense-ros/realsense2_camera_msgs' with type 'ros.ament_cmake' and name 'realsense2_camera_msgs'
[0.608s] Level 1:colcon.colcon_core.package_identification:_identify(realsense-ros/realsense2_description) by extensions ['ignore', 'ignore_ament_install']
[0.608s] Level 1:colcon.colcon_core.package_identification:_identify(realsense-ros/realsense2_description) by extension 'ignore'
[0.608s] Level 1:colcon.colcon_core.package_identification:_identify(realsense-ros/realsense2_description) by extension 'ignore_ament_install'
[0.608s] Level 1:colcon.colcon_core.package_identification:_identify(realsense-ros/realsense2_description) by extensions ['colcon_pkg']
[0.608s] Level 1:colcon.colcon_core.package_identification:_identify(realsense-ros/realsense2_description) by extension 'colcon_pkg'
[0.608s] Level 1:colcon.colcon_core.package_identification:_identify(realsense-ros/realsense2_description) by extensions ['colcon_meta']
[0.608s] Level 1:colcon.colcon_core.package_identification:_identify(realsense-ros/realsense2_description) by extension 'colcon_meta'
[0.608s] Level 1:colcon.colcon_core.package_identification:_identify(realsense-ros/realsense2_description) by extensions ['ros']
[0.608s] Level 1:colcon.colcon_core.package_identification:_identify(realsense-ros/realsense2_description) by extension 'ros'
[0.610s] DEBUG:colcon.colcon_core.package_identification:Package 'realsense-ros/realsense2_description' with type 'ros.ament_cmake' and name 'realsense2_description'
[0.610s] Level 1:colcon.colcon_core.package_identification:_identify(realsense-ros/realsense2_rgbd_plugin) by extensions ['ignore', 'ignore_ament_install']
[0.610s] Level 1:colcon.colcon_core.package_identification:_identify(realsense-ros/realsense2_rgbd_plugin) by extension 'ignore'
[0.610s] Level 1:colcon.colcon_core.package_identification:_identify(realsense-ros/realsense2_rgbd_plugin) by extension 'ignore_ament_install'
[0.610s] Level 1:colcon.colcon_core.package_identification:_identify(realsense-ros/realsense2_rgbd_plugin) by extensions ['colcon_pkg']
[0.610s] Level 1:colcon.colcon_core.package_identification:_identify(realsense-ros/realsense2_rgbd_plugin) by extension 'colcon_pkg'
[0.610s] Level 1:colcon.colcon_core.package_identification:_identify(realsense-ros/realsense2_rgbd_plugin) by extensions ['colcon_meta']
[0.611s] Level 1:colcon.colcon_core.package_identification:_identify(realsense-ros/realsense2_rgbd_plugin) by extension 'colcon_meta'
[0.611s] Level 1:colcon.colcon_core.package_identification:_identify(realsense-ros/realsense2_rgbd_plugin) by extensions ['ros']
[0.611s] Level 1:colcon.colcon_core.package_identification:_identify(realsense-ros/realsense2_rgbd_plugin) by extension 'ros'
[0.613s] DEBUG:colcon.colcon_core.package_identification:Package 'realsense-ros/realsense2_rgbd_plugin' with type 'ros.ament_cmake' and name 'realsense2_rviz_plugin'
[0.613s] Level 1:colcon.colcon_core.package_identification:_identify(realsense-ros/realsense2_ros_mqtt_bridge) by extensions ['ignore', 'ignore_ament_install']
[0.613s] Level 1:colcon.colcon_core.package_identification:_identify(realsense-ros/realsense2_ros_mqtt_bridge) by extension 'ignore'
[0.613s] Level 1:colcon.colcon_core.package_identification:_identify(realsense-ros/realsense2_ros_mqtt_bridge) by extension 'ignore_ament_install'
[0.613s] Level 1:colcon.colcon_core.package_identification:_identify(realsense-ros/realsense2_ros_mqtt_bridge) by extensions ['colcon_pkg']
[0.613s] Level 1:colcon.colcon_core.package_identification:_identify(realsense-ros/realsense2_ros_mqtt_bridge) by extension 'colcon_pkg'
[0.613s] Level 1:colcon.colcon_core.package_identification:_identify(realsense-ros/realsense2_ros_mqtt_bridge) by extensions ['colcon_meta']
[0.613s] Level 1:colcon.colcon_core.package_identification:_identify(realsense-ros/realsense2_ros_mqtt_bridge) by extension 'colcon_meta'
[0.613s] Level 1:colcon.colcon_core.package_identification:_identify(realsense-ros/realsense2_ros_mqtt_bridge) by extensions ['ros']
[0.614s] Level 1:colcon.colcon_core.package_identification:_identify(realsense-ros/realsense2_ros_mqtt_bridge) by extension 'ros'
[0.615s] DEBUG:colcon.colcon_core.package_identification:Package 'realsense-ros/realsense2_ros_mqtt_bridge' with type 'ros.ament_python' and name 'realsense2_ros_mqtt_bridge'
[0.615s] Level 1:colcon.colcon_core.package_identification:_identify(realsense-ros/res) by extensions ['ignore', 'ignore_ament_install']
[0.615s] Level 1:colcon.colcon_core.package_identification:_identify(realsense-ros/res) by extension 'ignore'
[0.615s] Level 1:colcon.colcon_core.package_identification:_identify(realsense-ros/res) by extension 'ignore_ament_install'
[0.615s] Level 1:colcon.colcon_core.package_identification:_identify(realsense-ros/res) by extensions ['colcon_pkg']
[0.615s] Level 1:colcon.colcon_core.package_identification:_identify(realsense-ros/res) by extension 'colcon_pkg'
[0.615s] Level 1:colcon.colcon_core.package_identification:_identify(realsense-ros/res) by extensions ['colcon_meta']
[0.615s] Level 1:colcon.colcon_core.package_identification:_identify(realsense-ros/res) by extension 'colcon_meta'
[0.615s] Level 1:colcon.colcon_core.package_identification:_identify(realsense-ros/res) by extensions ['ros']
[0.615s] Level 1:colcon.colcon_core.package_identification:_identify(realsense-ros/res) by extension 'ros'
[0.615s] Level 1:colcon.colcon_core.package_identification:_identify(realsense-ros/res) by extensions ['cmake', 'python']
[0.615s] Level 1:colcon.colcon_core.package_identification:_identify(realsense-ros/res) by extension 'cmake'
[0.615s] Level 1:colcon.colcon_core.package_identification:_identify(realsense-ros/res) by extension 'python'
[0.615s] Level 1:colcon.colcon_core.package_identification:_identify(realsense-ros/res) by extensions ['python_setup_py']
[0.615s] Level 1:colcon.colcon_core.package_identification:_identify(realsense-ros/res) by extension 'python_setup_py'
[0.616s] Level 1:colcon.colcon_core.package_identification:_identify(realsense-ros/scripts) by extensions ['ignore', 'ignore_ament_install']
[0.616s] Level 1:colcon.colcon_core.package_identification:_identify(realsense-ros/scripts) by extension 'ignore'
[0.616s] Level 1:colcon.colcon_core.package_identification:_identify(realsense-ros/scripts) by extension 'ignore_ament_install'
[0.616s] Level 1:colcon.colcon_core.package_identification:_identify(realsense-ros/scripts) by extensions ['colcon_pkg']
[0.616s] Level 1:colcon.colcon_core.package_identification:_identify(realsense-ros/scripts) by extension 'colcon_pkg'
[0.616s] Level 1:colcon.colcon_core.package_identification:_identify(realsense-ros/scripts) by extensions ['colcon_meta']
[0.616s] Level 1:colcon.colcon_core.package_identification:_identify(realsense-ros/scripts) by extension 'colcon_meta'
[0.616s] Level 1:colcon.colcon_core.package_identification:_identify(realsense-ros/scripts) by extensions ['ros']
[0.616s] Level 1:colcon.colcon_core.package_identification:_identify(realsense-ros/scripts) by extension 'ros'
[0.616s] Level 1:colcon.colcon_core.package_identification:_identify(realsense-ros/scripts) by extensions ['cmake', 'python']
[0.616s] Level 1:colcon.colcon_core.package_identification:_identify(realsense-ros/scripts) by extension 'cmake'
[0.616s] Level 1:colcon.colcon_core.package_identification:_identify(realsense-ros/scripts) by extension 'python'
[0.616s] Level 1:colcon.colcon_core.package_identification:_identify(realsense-ros/scripts) by extensions ['python_setup_py']
[0.616s] Level 1:colcon.colcon_core.package_identification:_identify(realsense-ros/scripts) by extension 'python_setup_py'
[0.616s] Level 1:colcon.colcon_core.package_identification:_identify(robot_descriptor) by extensions ['ignore', 'ignore_ament_install']
[0.616s] Level 1:colcon.colcon_core.package_identification:_identify(robot_descriptor) by extension 'ignore'
[0.616s] Level 1:colcon.colcon_core.package_identification:_identify(robot_descriptor) by extension 'ignore_ament_install'
[0.616s] Level 1:colcon.colcon_core.package_identification:_identify(robot_descriptor) by extensions ['colcon_pkg']
[0.616s] Level 1:colcon.colcon_core.package_identification:_identify(robot_descriptor) by extension 'colcon_pkg'
[0.616s] Level 1:colcon.colcon_core.package_identification:_identify(robot_descriptor) by extensions ['colcon_meta']
[0.616s] Level 1:colcon.colcon_core.package_identification:_identify(robot_descriptor) by extension 'colcon_meta'
[0.617s] Level 1:colcon.colcon_core.package_identification:_identify(robot_descriptor) by extensions ['ros']
[0.617s] Level 1:colcon.colcon_core.package_identification:_identify(robot_descriptor) by extension 'ros'
[0.618s] DEBUG:colcon.colcon_core.package_identification:Package 'robot_descriptor' with type 'ros.ament_cmake' and name 'robot_descriptor'
[0.618s] Level 1:colcon.colcon_core.package_identification:_identify(stm32_nucleo_f303re_driver) by extensions ['ignore', 'ignore_ament_install']
[0.618s] Level 1:colcon.colcon_core.package_identification:_identify(stm32_nucleo_f303re_driver) by extension 'ignore'
[0.618s] Level 1:colcon.colcon_core.package_identification:_identify(stm32_nucleo_f303re_driver) by extension 'ignore_ament_install'
[0.618s] Level 1:colcon.colcon_core.package_identification:_identify(stm32_nucleo_f303re_driver) by extensions ['colcon_pkg']
[0.618s] Level 1:colcon.colcon_core.package_identification:_identify(stm32_nucleo_f303re_driver) by extension 'colcon_pkg'
[0.618s] Level 1:colcon.colcon_core.package_identification:_identify(stm32_nucleo_f303re_driver) by extensions ['colcon_meta']
[0.618s] Level 1:colcon.colcon_core.package_identification:_identify(stm32_nucleo_f303re_driver) by extension 'colcon_meta'
[0.618s] Level 1:colcon.colcon_core.package_identification:_identify(stm32_nucleo_f303re_driver) by extensions ['ros']
[0.618s] Level 1:colcon.colcon_core.package_identification:_identify(stm32_nucleo_f303re_driver) by extension 'ros'
[0.619s] DEBUG:colcon.colcon_core.package_identification:Package 'stm32_nucleo_f303re_driver' with type 'ros.ament_cmake' and name 'stm32_nucleo_f303re_driver'
[0.619s] Level 1:colcon.colcon_core.package_discovery:discover_packages(recursive) using defaults
[0.619s] Level 1:colcon.colcon_core.package_discovery:discover_packages(ignore) discover
[0.619s] Level 1:colcon.colcon_core.package_discovery:discover_packages(ignore) using defaults
[0.619s] Level 1:colcon.colcon_core.package_discovery:discover_packages(path) discover
[0.619s] Level 1:colcon.colcon_core.package_discovery:discover_packages(path) using defaults
[0.675s] INFO:colcon.colcon_core.package_selection:Skipping not selected package 'joy_teleop_twist_ref' in 'joy_teleop_twist_ref'
[0.675s] INFO:colcon.colcon_core.package_selection:Skipping not selected package 'lidar_driver' in 'lidar_driver'
[0.675s] INFO:colcon.colcon_core.package_selection:Skipping not selected package 'module3_driver' in 'module3_driver'
[0.675s] INFO:colcon.colcon_core.package_selection:Skipping not selected package 'realsense2_camera_msgs' in 'realsense-ros/realsense2_camera_msgs'
[0.675s] INFO:colcon.colcon_core.package_selection:Skipping not selected package 'realsense2_ros_mqtt_bridge' in 'realsense-ros/realsense2_ros_mqtt_bridge'
[0.675s] INFO:colcon.colcon_core.package_selection:Skipping not selected package 'robot_descriptor' in 'robot_descriptor'
[0.675s] INFO:colcon.colcon_core.package_selection:Skipping not selected package 'stm32_nucleo_f303re_driver' in 'stm32_nucleo_f303re_driver'
[0.675s] INFO:colcon.colcon_core.package_selection:Skipping not selected package 'joy_service_node' in 'joy_service_node'
[0.675s] INFO:colcon.colcon_core.package_selection:Skipping not selected package 'realsense2_camera' in 'realsense-ros/realsense2_camera'
[0.675s] INFO:colcon.colcon_core.package_selection:Skipping not selected package 'realsense2_description' in 'realsense-ros/realsense2_description'
[0.675s] INFO:colcon.colcon_core.package_selection:Skipping not selected package 'realsense2_rviz_plugin' in 'realsense-ros/realsense2_rgbd_plugin'
[0.676s] Level 5:colcon.colcon_core.verb:set package 'burger_bring_up' build argument 'cmake_args' from command line to 'None'
[0.676s] Level 5:colcon.colcon_core.verb:set package 'burger_bring_up' build argument 'cmake_target' from command line to 'None'
[0.676s] Level 5:colcon.colcon_core.verb:set package 'burger_bring_up' build argument 'cmake_target_skip_unavailable' from command line to 'False'
[0.676s] Level 5:colcon.colcon_core.verb:set package 'burger_bring_up' build argument 'cmake_clean_cache' from command line to 'False'
[0.676s] Level 5:colcon.colcon_core.verb:set package 'burger_bring_up' build argument 'cmake_clean_first' from command line to 'False'
[0.676s] Level 5:colcon.colcon_core.verb:set package 'burger_bring_up' build argument 'cmake_force_configure' from command line to 'False'
[0.676s] Level 5:colcon.colcon_core.verb:set package 'burger_bring_up' build argument 'ament_cmake_args' from command line to 'None'
[0.676s] Level 5:colcon.colcon_core.verb:set package 'burger_bring_up' build argument 'catkin_cmake_args' from command line to 'None'
[0.676s] Level 5:colcon.colcon_core.verb:set package 'burger_bring_up' build argument 'catkin_skip_building_tests' from command line to 'False'
[0.676s] DEBUG:colcon.colcon_core.verb:Building package 'burger_bring_up' with the following arguments: {'ament_cmake_args': None, 'build_base': '/root/ws/src/build/burger_bring_up', 'catkin_cmake_args': None, 'catkin_skip_building_tests': False, 'cmake_args': None, 'cmake_clean_cache': False, 'cmake_clean_first': False, 'cmake_force_configure': False, 'cmake_target': None, 'cmake_target_skip_unavailable': False, 'install_base': '/root/ws/src/install/burger_bring_up', 'merge_install': False, 'path': '/root/ws/src/burger_bring_up', 'symlink_install': False, 'test_result_base': None}
[0.676s] INFO:colcon.colcon_core.executor:Executing jobs using 'parallel' executor
[0.678s] DEBUG:colcon.colcon_parallel_executor.executor.parallel:run_until_complete
[0.678s] INFO:colcon.colcon_ros.task.ament_cmake.build:Building ROS package in '/root/ws/src/burger_bring_up' with build type 'ament_cmake'
[0.679s] INFO:colcon.colcon_cmake.task.cmake.build:Building CMake package in '/root/ws/src/burger_bring_up'
[0.682s] INFO:colcon.colcon_core.plugin_system:Skipping extension 'colcon_core.shell.bat': Not used on non-Windows systems
[0.683s] INFO:colcon.colcon_core.shell:Skip shell extension 'powershell' for command environment: Not usable outside of PowerShell
[0.683s] DEBUG:colcon.colcon_core.shell:Skip shell extension 'dsv' for command environment
[0.705s] DEBUG:colcon.colcon_core.event_handler.log_command:Invoking command in '/root/ws/src/build/burger_bring_up': CMAKE_PREFIX_PATH=/root/ws/src/install/burger_bring_up:/root/ws/install/joy_service_node:/root/ws/install/stm32_nucleo_f303re_driver:/root/ws/install/robot_descriptor:/root/ws/install/realsense2_rviz_plugin:/root/ws/install/realsense2_description:/root/ws/install/realsense2_camera:/root/ws/install/realsense2_camera_msgs:/root/ws/install/realsense2_ros_mqtt_bridge:/opt/ros/humble:/root/ws/install/module3_driver:/root/ws/install/lidar_driver:/root/ws/install/joy_teleop_twist_ref /usr/bin/cmake --build /root/ws/src/build/burger_bring_up -- -j4 -l4
[0.762s] DEBUG:colcon.colcon_core.event_handler.log_command:Invoked command in '/root/ws/src/build/burger_bring_up' returned '0': CMAKE_PREFIX_PATH=/root/ws/src/install/burger_bring_up:/root/ws/install/joy_service_node:/root/ws/install/stm32_nucleo_f303re_driver:/root/ws/install/robot_descriptor:/root/ws/install/realsense2_rviz_plugin:/root/ws/install/realsense2_description:/root/ws/install/realsense2_camera:/root/ws/install/realsense2_camera_msgs:/root/ws/install/realsense2_ros_mqtt_bridge:/opt/ros/humble:/root/ws/install/module3_driver:/root/ws/install/lidar_driver:/root/ws/install/joy_teleop_twist_ref /usr/bin/cmake --build /root/ws/src/build/burger_bring_up -- -j4 -l4
[0.773s] DEBUG:colcon.colcon_core.event_handler.log_command:Invoking command in '/root/ws/src/build/burger_bring_up': CMAKE_PREFIX_PATH=/root/ws/src/install/burger_bring_up:/root/ws/install/joy_service_node:/root/ws/install/stm32_nucleo_f303re_driver:/root/ws/install/robot_descriptor:/root/ws/install/realsense2_rviz_plugin:/root/ws/install/realsense2_description:/root/ws/install/realsense2_camera:/root/ws/install/realsense2_camera_msgs:/root/ws/install/realsense2_ros_mqtt_bridge:/opt/ros/humble:/root/ws/install/module3_driver:/root/ws/install/lidar_driver:/root/ws/install/joy_teleop_twist_ref /usr/bin/cmake --install /root/ws/src/build/burger_bring_up
[0.782s] Level 1:colcon.colcon_core.environment:create_environment_scripts_only(burger_bring_up)
[0.783s] DEBUG:colcon.colcon_core.event_handler.log_command:Invoked command in '/root/ws/src/build/burger_bring_up' returned '0': CMAKE_PREFIX_PATH=/root/ws/src/install/burger_bring_up:/root/ws/install/joy_service_node:/root/ws/install/stm32_nucleo_f303re_driver:/root/ws/install/robot_descriptor:/root/ws/install/realsense2_rviz_plugin:/root/ws/install/realsense2_description:/root/ws/install/realsense2_camera:/root/ws/install/realsense2_camera_msgs:/root/ws/install/realsense2_ros_mqtt_bridge:/opt/ros/humble:/root/ws/install/module3_driver:/root/ws/install/lidar_driver:/root/ws/install/joy_teleop_twist_ref /usr/bin/cmake --install /root/ws/src/build/burger_bring_up
[0.785s] Level 1:colcon.colcon_core.environment:checking '/root/ws/src/install/burger_bring_up' for CMake module files
[0.786s] Level 1:colcon.colcon_core.environment:checking '/root/ws/src/install/burger_bring_up' for CMake config files
[0.786s] Level 1:colcon.colcon_core.shell:create_environment_hook('burger_bring_up', 'cmake_prefix_path')
[0.787s] INFO:colcon.colcon_core.shell:Creating environment hook '/root/ws/src/install/burger_bring_up/share/burger_bring_up/hook/cmake_prefix_path.ps1'
[0.788s] INFO:colcon.colcon_core.shell:Creating environment descriptor '/root/ws/src/install/burger_bring_up/share/burger_bring_up/hook/cmake_prefix_path.dsv'
[0.791s] INFO:colcon.colcon_core.shell:Creating environment hook '/root/ws/src/install/burger_bring_up/share/burger_bring_up/hook/cmake_prefix_path.sh'
[0.795s] Level 1:colcon.colcon_core.environment:checking '/root/ws/src/install/burger_bring_up/bin'
[0.795s] Level 1:colcon.colcon_core.environment:checking '/root/ws/src/install/burger_bring_up/lib/pkgconfig/burger_bring_up.pc'
[0.800s] Level 1:colcon.colcon_core.environment:checking '/root/ws/src/install/burger_bring_up/lib/python3.10/site-packages'
[0.801s] Level 1:colcon.colcon_core.environment:checking '/root/ws/src/install/burger_bring_up/bin'
[0.802s] INFO:colcon.colcon_core.shell:Creating package script '/root/ws/src/install/burger_bring_up/share/burger_bring_up/package.ps1'
[0.805s] INFO:colcon.colcon_core.shell:Creating package descriptor '/root/ws/src/install/burger_bring_up/share/burger_bring_up/package.dsv'
[0.811s] INFO:colcon.colcon_core.shell:Creating package script '/root/ws/src/install/burger_bring_up/share/burger_bring_up/package.sh'
[0.814s] INFO:colcon.colcon_core.shell:Creating package script '/root/ws/src/install/burger_bring_up/share/burger_bring_up/package.bash'
[0.817s] INFO:colcon.colcon_core.shell:Creating package script '/root/ws/src/install/burger_bring_up/share/burger_bring_up/package.zsh'
[0.821s] Level 1:colcon.colcon_core.environment:create_file_with_runtime_dependencies(/root/ws/src/install/burger_bring_up/share/colcon-core/packages/burger_bring_up)
[0.822s] Level 1:colcon.colcon_core.environment:create_environment_scripts_only(burger_bring_up)
[0.823s] Level 1:colcon.colcon_core.environment:checking '/root/ws/src/install/burger_bring_up' for CMake module files
[0.823s] Level 1:colcon.colcon_core.environment:checking '/root/ws/src/install/burger_bring_up' for CMake config files
[0.823s] Level 1:colcon.colcon_core.shell:create_environment_hook('burger_bring_up', 'cmake_prefix_path')
[0.824s] INFO:colcon.colcon_core.shell:Creating environment hook '/root/ws/src/install/burger_bring_up/share/burger_bring_up/hook/cmake_prefix_path.ps1'
[0.824s] INFO:colcon.colcon_core.shell:Creating environment descriptor '/root/ws/src/install/burger_bring_up/share/burger_bring_up/hook/cmake_prefix_path.dsv'
[0.827s] INFO:colcon.colcon_core.shell:Creating environment hook '/root/ws/src/install/burger_bring_up/share/burger_bring_up/hook/cmake_prefix_path.sh'
[0.831s] Level 1:colcon.colcon_core.environment:checking '/root/ws/src/install/burger_bring_up/bin'
[0.831s] Level 1:colcon.colcon_core.environment:checking '/root/ws/src/install/burger_bring_up/lib/pkgconfig/burger_bring_up.pc'
[0.832s] Level 1:colcon.colcon_core.environment:checking '/root/ws/src/install/burger_bring_up/lib/python3.10/site-packages'
[0.832s] Level 1:colcon.colcon_core.environment:checking '/root/ws/src/install/burger_bring_up/bin'
[0.833s] INFO:colcon.colcon_core.shell:Creating package script '/root/ws/src/install/burger_bring_up/share/burger_bring_up/package.ps1'
[0.834s] INFO:colcon.colcon_core.shell:Creating package descriptor '/root/ws/src/install/burger_bring_up/share/burger_bring_up/package.dsv'
[0.836s] INFO:colcon.colcon_core.shell:Creating package script '/root/ws/src/install/burger_bring_up/share/burger_bring_up/package.sh'
[0.839s] INFO:colcon.colcon_core.shell:Creating package script '/root/ws/src/install/burger_bring_up/share/burger_bring_up/package.bash'
[0.841s] INFO:colcon.colcon_core.shell:Creating package script '/root/ws/src/install/burger_bring_up/share/burger_bring_up/package.zsh'
[0.843s] Level 1:colcon.colcon_core.environment:create_file_with_runtime_dependencies(/root/ws/src/install/burger_bring_up/share/colcon-core/packages/burger_bring_up)
[0.844s] DEBUG:colcon.colcon_parallel_executor.executor.parallel:closing loop
[0.845s] DEBUG:colcon.colcon_parallel_executor.executor.parallel:loop closed
[0.845s] DEBUG:colcon.colcon_parallel_executor.executor.parallel:run_until_complete finished with '0'
[0.845s] DEBUG:colcon.colcon_core.event_reactor:joining thread
[0.856s] INFO:colcon.colcon_core.plugin_system:Skipping extension 'colcon_notification.desktop_notification.notify_send': Could not find 'notify-send'
[0.856s] INFO:colcon.colcon_core.plugin_system:Skipping extension 'colcon_notification.desktop_notification.terminal_notifier': Not used on non-Darwin systems
[0.857s] INFO:colcon.colcon_core.plugin_system:Skipping extension 'colcon_notification.desktop_notification.win32': Not used on non-Windows systems
[0.857s] INFO:colcon.colcon_notification.desktop_notification:Sending desktop notification using 'notify2'
[0.859s] DEBUG:colcon.colcon_notification.desktop_notification.notify2:Failed to initialize notify2: org.freedesktop.DBus.Error.Spawn.ExecFailed: /usr/bin/dbus-launch terminated abnormally without any error message
[0.859s] DEBUG:colcon.colcon_core.event_reactor:joined thread
[0.860s] INFO:colcon.colcon_core.shell:Creating prefix script '/root/ws/src/install/local_setup.ps1'
[0.861s] INFO:colcon.colcon_core.shell:Creating prefix util module '/root/ws/src/install/_local_setup_util_ps1.py'
[0.868s] INFO:colcon.colcon_core.shell:Creating prefix chain script '/root/ws/src/install/setup.ps1'
[0.872s] INFO:colcon.colcon_core.shell:Creating prefix script '/root/ws/src/install/local_setup.sh'
[0.875s] INFO:colcon.colcon_core.shell:Creating prefix util module '/root/ws/src/install/_local_setup_util_sh.py'
[0.880s] INFO:colcon.colcon_core.shell:Creating prefix chain script '/root/ws/src/install/setup.sh'
[0.888s] INFO:colcon.colcon_core.shell:Creating prefix script '/root/ws/src/install/local_setup.bash'
[0.891s] INFO:colcon.colcon_core.shell:Creating prefix chain script '/root/ws/src/install/setup.bash'
[0.894s] INFO:colcon.colcon_core.shell:Creating prefix script '/root/ws/src/install/local_setup.zsh'
[0.897s] INFO:colcon.colcon_core.shell:Creating prefix chain script '/root/ws/src/install/setup.zsh'
