[35m[1mConsolidate compiler generated dependencies of target stm32_nucleo_f303re_driver__rosidl_generator_c[0m
[  3%] Built target stm32_nucleo_f303re_driver__cpp
[ 12%] Built target stm32_nucleo_f303re_driver__rosidl_generator_c
[35m[1mConsolidate compiler generated dependencies of target stm32_nucleo_f303re_driver__rosidl_typesupport_fastrtps_cpp[0m
[35m[1mConsolidate compiler generated dependencies of target stm32_nucleo_f303re_driver__rosidl_typesupport_cpp[0m
[35m[1mConsolidate compiler generated dependencies of target stm32_nucleo_f303re_driver__rosidl_typesupport_introspection_cpp[0m
[ 12%] Built target ament_cmake_python_copy_stm32_nucleo_f303re_driver
[ 21%] Built target stm32_nucleo_f303re_driver__rosidl_typesupport_introspection_cpp
[ 30%] Built target stm32_nucleo_f303re_driver__rosidl_typesupport_fastrtps_cpp
[ 39%] Built target stm32_nucleo_f303re_driver__rosidl_typesupport_cpp
[35m[1mConsolidate compiler generated dependencies of target stm32_nucleo_f303re_driver__rosidl_typesupport_fastrtps_c[0m
[35m[1mConsolidate compiler generated dependencies of target stm32_nucleo_f303re_driver__rosidl_typesupport_c[0m
[35m[1mConsolidate compiler generated dependencies of target stm32_nucleo_f303re_driver__rosidl_typesupport_introspection_c[0m
[ 48%] Built target stm32_nucleo_f303re_driver__rosidl_typesupport_fastrtps_c
[ 57%] Built target stm32_nucleo_f303re_driver__rosidl_typesupport_introspection_c
[ 66%] Built target stm32_nucleo_f303re_driver__rosidl_typesupport_c
[35m[1mConsolidate compiler generated dependencies of target stm_driver[0m
[ 66%] Built target stm32_nucleo_f303re_driver
[ 69%] [32mBuilding CXX object CMakeFiles/stm_driver.dir/src/stm_driver.cpp.o[0m
[ 72%] Built target stm32_nucleo_f303re_driver__py
[35m[1mConsolidate compiler generated dependencies of target stm32_nucleo_f303re_driver__rosidl_generator_py[0m
[ 78%] Built target stm32_nucleo_f303re_driver__rosidl_generator_py
[35m[1mConsolidate compiler generated dependencies of target stm32_nucleo_f303re_driver__rosidl_typesupport_fastrtps_c__pyext[0m
[35m[1mConsolidate compiler generated dependencies of target stm32_nucleo_f303re_driver__rosidl_typesupport_introspection_c__pyext[0m
[ 84%] Built target stm32_nucleo_f303re_driver__rosidl_typesupport_fastrtps_c__pyext
[ 90%] Built target stm32_nucleo_f303re_driver__rosidl_typesupport_introspection_c__pyext
[35m[1mConsolidate compiler generated dependencies of target stm32_nucleo_f303re_driver__rosidl_typesupport_c__pyext[0m
[ 96%] Built target stm32_nucleo_f303re_driver__rosidl_typesupport_c__pyext
running egg_info
writing stm32_nucleo_f303re_driver.egg-info/PKG-INFO
writing dependency_links to stm32_nucleo_f303re_driver.egg-info/dependency_links.txt
writing top-level names to stm32_nucleo_f303re_driver.egg-info/top_level.txt
reading manifest file 'stm32_nucleo_f303re_driver.egg-info/SOURCES.txt'
writing manifest file 'stm32_nucleo_f303re_driver.egg-info/SOURCES.txt'
[ 96%] Built target ament_cmake_python_build_stm32_nucleo_f303re_driver_egg
[100%] [32m[1mLinking CXX executable stm_driver[0m
[100%] Built target stm_driver
-- Install configuration: ""
-- Up-to-date: /root/ws/src/install/stm32_nucleo_f303re_driver/share/ament_index/resource_index/rosidl_interfaces/stm32_nucleo_f303re_driver
-- Up-to-date: /root/ws/src/install/stm32_nucleo_f303re_driver/include/stm32_nucleo_f303re_driver/stm32_nucleo_f303re_driver
-- Up-to-date: /root/ws/src/install/stm32_nucleo_f303re_driver/include/stm32_nucleo_f303re_driver/stm32_nucleo_f303re_driver/msg
-- Up-to-date: /root/ws/src/install/stm32_nucleo_f303re_driver/include/stm32_nucleo_f303re_driver/stm32_nucleo_f303re_driver/msg/wheel_pwm.h
-- Up-to-date: /root/ws/src/install/stm32_nucleo_f303re_driver/include/stm32_nucleo_f303re_driver/stm32_nucleo_f303re_driver/msg/rosidl_generator_c__visibility_control.h
-- Up-to-date: /root/ws/src/install/stm32_nucleo_f303re_driver/include/stm32_nucleo_f303re_driver/stm32_nucleo_f303re_driver/msg/detail
-- Up-to-date: /root/ws/src/install/stm32_nucleo_f303re_driver/include/stm32_nucleo_f303re_driver/stm32_nucleo_f303re_driver/msg/detail/wheel_pwm__functions.c
-- Up-to-date: /root/ws/src/install/stm32_nucleo_f303re_driver/include/stm32_nucleo_f303re_driver/stm32_nucleo_f303re_driver/msg/detail/wheel_pwm__struct.h
-- Up-to-date: /root/ws/src/install/stm32_nucleo_f303re_driver/include/stm32_nucleo_f303re_driver/stm32_nucleo_f303re_driver/msg/detail/wheel_pwm__type_support.h
-- Up-to-date: /root/ws/src/install/stm32_nucleo_f303re_driver/include/stm32_nucleo_f303re_driver/stm32_nucleo_f303re_driver/msg/detail/wheel_pwm__functions.h
-- Up-to-date: /root/ws/src/install/stm32_nucleo_f303re_driver/share/stm32_nucleo_f303re_driver/environment/library_path.sh
-- Up-to-date: /root/ws/src/install/stm32_nucleo_f303re_driver/share/stm32_nucleo_f303re_driver/environment/library_path.dsv
-- Up-to-date: /root/ws/src/install/stm32_nucleo_f303re_driver/lib/libstm32_nucleo_f303re_driver__rosidl_generator_c.so
-- Up-to-date: /root/ws/src/install/stm32_nucleo_f303re_driver/include/stm32_nucleo_f303re_driver/stm32_nucleo_f303re_driver
-- Up-to-date: /root/ws/src/install/stm32_nucleo_f303re_driver/include/stm32_nucleo_f303re_driver/stm32_nucleo_f303re_driver/msg
-- Up-to-date: /root/ws/src/install/stm32_nucleo_f303re_driver/include/stm32_nucleo_f303re_driver/stm32_nucleo_f303re_driver/msg/rosidl_typesupport_fastrtps_c__visibility_control.h
-- Up-to-date: /root/ws/src/install/stm32_nucleo_f303re_driver/include/stm32_nucleo_f303re_driver/stm32_nucleo_f303re_driver/msg/detail
-- Up-to-date: /root/ws/src/install/stm32_nucleo_f303re_driver/include/stm32_nucleo_f303re_driver/stm32_nucleo_f303re_driver/msg/detail/wheel_pwm__rosidl_typesupport_fastrtps_c.h
-- Up-to-date: /root/ws/src/install/stm32_nucleo_f303re_driver/lib/libstm32_nucleo_f303re_driver__rosidl_typesupport_fastrtps_c.so
-- Up-to-date: /root/ws/src/install/stm32_nucleo_f303re_driver/include/stm32_nucleo_f303re_driver/stm32_nucleo_f303re_driver
-- Up-to-date: /root/ws/src/install/stm32_nucleo_f303re_driver/include/stm32_nucleo_f303re_driver/stm32_nucleo_f303re_driver/msg
-- Up-to-date: /root/ws/src/install/stm32_nucleo_f303re_driver/include/stm32_nucleo_f303re_driver/stm32_nucleo_f303re_driver/msg/rosidl_generator_cpp__visibility_control.hpp
-- Up-to-date: /root/ws/src/install/stm32_nucleo_f303re_driver/include/stm32_nucleo_f303re_driver/stm32_nucleo_f303re_driver/msg/wheel_pwm.hpp
-- Up-to-date: /root/ws/src/install/stm32_nucleo_f303re_driver/include/stm32_nucleo_f303re_driver/stm32_nucleo_f303re_driver/msg/detail
-- Up-to-date: /root/ws/src/install/stm32_nucleo_f303re_driver/include/stm32_nucleo_f303re_driver/stm32_nucleo_f303re_driver/msg/detail/wheel_pwm__type_support.hpp
-- Up-to-date: /root/ws/src/install/stm32_nucleo_f303re_driver/include/stm32_nucleo_f303re_driver/stm32_nucleo_f303re_driver/msg/detail/wheel_pwm__struct.hpp
-- Up-to-date: /root/ws/src/install/stm32_nucleo_f303re_driver/include/stm32_nucleo_f303re_driver/stm32_nucleo_f303re_driver/msg/detail/wheel_pwm__builder.hpp
-- Up-to-date: /root/ws/src/install/stm32_nucleo_f303re_driver/include/stm32_nucleo_f303re_driver/stm32_nucleo_f303re_driver/msg/detail/wheel_pwm__traits.hpp
-- Up-to-date: /root/ws/src/install/stm32_nucleo_f303re_driver/include/stm32_nucleo_f303re_driver/stm32_nucleo_f303re_driver
-- Up-to-date: /root/ws/src/install/stm32_nucleo_f303re_driver/include/stm32_nucleo_f303re_driver/stm32_nucleo_f303re_driver/msg
-- Up-to-date: /root/ws/src/install/stm32_nucleo_f303re_driver/include/stm32_nucleo_f303re_driver/stm32_nucleo_f303re_driver/msg/rosidl_typesupport_fastrtps_cpp__visibility_control.h
-- Up-to-date: /root/ws/src/install/stm32_nucleo_f303re_driver/include/stm32_nucleo_f303re_driver/stm32_nucleo_f303re_driver/msg/detail
-- Up-to-date: /root/ws/src/install/stm32_nucleo_f303re_driver/include/stm32_nucleo_f303re_driver/stm32_nucleo_f303re_driver/msg/detail/dds_fastrtps
-- Up-to-date: /root/ws/src/install/stm32_nucleo_f303re_driver/include/stm32_nucleo_f303re_driver/stm32_nucleo_f303re_driver/msg/detail/wheel_pwm__rosidl_typesupport_fastrtps_cpp.hpp
-- Up-to-date: /root/ws/src/install/stm32_nucleo_f303re_driver/lib/libstm32_nucleo_f303re_driver__rosidl_typesupport_fastrtps_cpp.so
-- Up-to-date: /root/ws/src/install/stm32_nucleo_f303re_driver/include/stm32_nucleo_f303re_driver/stm32_nucleo_f303re_driver
-- Up-to-date: /root/ws/src/install/stm32_nucleo_f303re_driver/include/stm32_nucleo_f303re_driver/stm32_nucleo_f303re_driver/msg
-- Up-to-date: /root/ws/src/install/stm32_nucleo_f303re_driver/include/stm32_nucleo_f303re_driver/stm32_nucleo_f303re_driver/msg/rosidl_typesupport_introspection_c__visibility_control.h
-- Up-to-date: /root/ws/src/install/stm32_nucleo_f303re_driver/include/stm32_nucleo_f303re_driver/stm32_nucleo_f303re_driver/msg/detail
-- Up-to-date: /root/ws/src/install/stm32_nucleo_f303re_driver/include/stm32_nucleo_f303re_driver/stm32_nucleo_f303re_driver/msg/detail/wheel_pwm__type_support.c
-- Up-to-date: /root/ws/src/install/stm32_nucleo_f303re_driver/include/stm32_nucleo_f303re_driver/stm32_nucleo_f303re_driver/msg/detail/wheel_pwm__rosidl_typesupport_introspection_c.h
-- Up-to-date: /root/ws/src/install/stm32_nucleo_f303re_driver/lib/libstm32_nucleo_f303re_driver__rosidl_typesupport_introspection_c.so
-- Up-to-date: /root/ws/src/install/stm32_nucleo_f303re_driver/lib/libstm32_nucleo_f303re_driver__rosidl_typesupport_c.so
-- Up-to-date: /root/ws/src/install/stm32_nucleo_f303re_driver/include/stm32_nucleo_f303re_driver/stm32_nucleo_f303re_driver
-- Up-to-date: /root/ws/src/install/stm32_nucleo_f303re_driver/include/stm32_nucleo_f303re_driver/stm32_nucleo_f303re_driver/msg
-- Up-to-date: /root/ws/src/install/stm32_nucleo_f303re_driver/include/stm32_nucleo_f303re_driver/stm32_nucleo_f303re_driver/msg/detail
-- Up-to-date: /root/ws/src/install/stm32_nucleo_f303re_driver/include/stm32_nucleo_f303re_driver/stm32_nucleo_f303re_driver/msg/detail/wheel_pwm__type_support.cpp
-- Up-to-date: /root/ws/src/install/stm32_nucleo_f303re_driver/include/stm32_nucleo_f303re_driver/stm32_nucleo_f303re_driver/msg/detail/wheel_pwm__rosidl_typesupport_introspection_cpp.hpp
-- Up-to-date: /root/ws/src/install/stm32_nucleo_f303re_driver/lib/libstm32_nucleo_f303re_driver__rosidl_typesupport_introspection_cpp.so
-- Up-to-date: /root/ws/src/install/stm32_nucleo_f303re_driver/lib/libstm32_nucleo_f303re_driver__rosidl_typesupport_cpp.so
-- Up-to-date: /root/ws/src/install/stm32_nucleo_f303re_driver/share/stm32_nucleo_f303re_driver/environment/pythonpath.sh
-- Up-to-date: /root/ws/src/install/stm32_nucleo_f303re_driver/share/stm32_nucleo_f303re_driver/environment/pythonpath.dsv
-- Up-to-date: /root/ws/src/install/stm32_nucleo_f303re_driver/local/lib/python3.10/dist-packages/stm32_nucleo_f303re_driver-0.1.0-py3.10.egg-info
-- Installing: /root/ws/src/install/stm32_nucleo_f303re_driver/local/lib/python3.10/dist-packages/stm32_nucleo_f303re_driver-0.1.0-py3.10.egg-info/top_level.txt
-- Installing: /root/ws/src/install/stm32_nucleo_f303re_driver/local/lib/python3.10/dist-packages/stm32_nucleo_f303re_driver-0.1.0-py3.10.egg-info/dependency_links.txt
-- Installing: /root/ws/src/install/stm32_nucleo_f303re_driver/local/lib/python3.10/dist-packages/stm32_nucleo_f303re_driver-0.1.0-py3.10.egg-info/PKG-INFO
-- Installing: /root/ws/src/install/stm32_nucleo_f303re_driver/local/lib/python3.10/dist-packages/stm32_nucleo_f303re_driver-0.1.0-py3.10.egg-info/SOURCES.txt
-- Up-to-date: /root/ws/src/install/stm32_nucleo_f303re_driver/local/lib/python3.10/dist-packages/stm32_nucleo_f303re_driver
-- Up-to-date: /root/ws/src/install/stm32_nucleo_f303re_driver/local/lib/python3.10/dist-packages/stm32_nucleo_f303re_driver/stm32_nucleo_f303re_driver_s__rosidl_typesupport_fastrtps_c.cpython-310-aarch64-linux-gnu.so
-- Up-to-date: /root/ws/src/install/stm32_nucleo_f303re_driver/local/lib/python3.10/dist-packages/stm32_nucleo_f303re_driver/stm32_nucleo_f303re_driver_s__rosidl_typesupport_introspection_c.cpython-310-aarch64-linux-gnu.so
-- Up-to-date: /root/ws/src/install/stm32_nucleo_f303re_driver/local/lib/python3.10/dist-packages/stm32_nucleo_f303re_driver/_stm32_nucleo_f303re_driver_s.ep.rosidl_typesupport_fastrtps_c.c
-- Up-to-date: /root/ws/src/install/stm32_nucleo_f303re_driver/local/lib/python3.10/dist-packages/stm32_nucleo_f303re_driver/libstm32_nucleo_f303re_driver__rosidl_generator_py.so
-- Up-to-date: /root/ws/src/install/stm32_nucleo_f303re_driver/local/lib/python3.10/dist-packages/stm32_nucleo_f303re_driver/stm32_nucleo_f303re_driver_s__rosidl_typesupport_c.cpython-310-aarch64-linux-gnu.so
-- Up-to-date: /root/ws/src/install/stm32_nucleo_f303re_driver/local/lib/python3.10/dist-packages/stm32_nucleo_f303re_driver/msg
-- Up-to-date: /root/ws/src/install/stm32_nucleo_f303re_driver/local/lib/python3.10/dist-packages/stm32_nucleo_f303re_driver/msg/_wheel_pwm.py
-- Up-to-date: /root/ws/src/install/stm32_nucleo_f303re_driver/local/lib/python3.10/dist-packages/stm32_nucleo_f303re_driver/msg/_wheel_pwm_s.c
-- Up-to-date: /root/ws/src/install/stm32_nucleo_f303re_driver/local/lib/python3.10/dist-packages/stm32_nucleo_f303re_driver/msg/__init__.py
-- Up-to-date: /root/ws/src/install/stm32_nucleo_f303re_driver/local/lib/python3.10/dist-packages/stm32_nucleo_f303re_driver/_stm32_nucleo_f303re_driver_s.ep.rosidl_typesupport_introspection_c.c
-- Up-to-date: /root/ws/src/install/stm32_nucleo_f303re_driver/local/lib/python3.10/dist-packages/stm32_nucleo_f303re_driver/_stm32_nucleo_f303re_driver_s.ep.rosidl_typesupport_c.c
-- Up-to-date: /root/ws/src/install/stm32_nucleo_f303re_driver/local/lib/python3.10/dist-packages/stm32_nucleo_f303re_driver/__init__.py
Listing '/root/ws/src/install/stm32_nucleo_f303re_driver/local/lib/python3.10/dist-packages/stm32_nucleo_f303re_driver'...
Listing '/root/ws/src/install/stm32_nucleo_f303re_driver/local/lib/python3.10/dist-packages/stm32_nucleo_f303re_driver/msg'...
-- Up-to-date: /root/ws/src/install/stm32_nucleo_f303re_driver/local/lib/python3.10/dist-packages/stm32_nucleo_f303re_driver/stm32_nucleo_f303re_driver_s__rosidl_typesupport_fastrtps_c.cpython-310-aarch64-linux-gnu.so
-- Up-to-date: /root/ws/src/install/stm32_nucleo_f303re_driver/local/lib/python3.10/dist-packages/stm32_nucleo_f303re_driver/stm32_nucleo_f303re_driver_s__rosidl_typesupport_introspection_c.cpython-310-aarch64-linux-gnu.so
-- Up-to-date: /root/ws/src/install/stm32_nucleo_f303re_driver/local/lib/python3.10/dist-packages/stm32_nucleo_f303re_driver/stm32_nucleo_f303re_driver_s__rosidl_typesupport_c.cpython-310-aarch64-linux-gnu.so
-- Up-to-date: /root/ws/src/install/stm32_nucleo_f303re_driver/lib/libstm32_nucleo_f303re_driver__rosidl_generator_py.so
-- Up-to-date: /root/ws/src/install/stm32_nucleo_f303re_driver/share/stm32_nucleo_f303re_driver/msg/WheelPwm.idl
-- Up-to-date: /root/ws/src/install/stm32_nucleo_f303re_driver/share/stm32_nucleo_f303re_driver/msg/WheelPwm.msg
-- Installing: /root/ws/src/install/stm32_nucleo_f303re_driver/lib/stm32_nucleo_f303re_driver/stm_driver
-- Set runtime path of "/root/ws/src/install/stm32_nucleo_f303re_driver/lib/stm32_nucleo_f303re_driver/stm_driver" to ""
-- Up-to-date: /root/ws/src/install/stm32_nucleo_f303re_driver/share/stm32_nucleo_f303re_driver//launch
-- Up-to-date: /root/ws/src/install/stm32_nucleo_f303re_driver/share/stm32_nucleo_f303re_driver//launch/burger_launch.py
-- Up-to-date: /root/ws/src/install/stm32_nucleo_f303re_driver/include
-- Up-to-date: /root/ws/src/install/stm32_nucleo_f303re_driver/include/stm32_nucleo_f303re_driver
-- Up-to-date: /root/ws/src/install/stm32_nucleo_f303re_driver/include/stm32_nucleo_f303re_driver/parsing_types.hpp
-- Up-to-date: /root/ws/src/install/stm32_nucleo_f303re_driver/share/ament_index/resource_index/package_run_dependencies/stm32_nucleo_f303re_driver
-- Up-to-date: /root/ws/src/install/stm32_nucleo_f303re_driver/share/ament_index/resource_index/parent_prefix_path/stm32_nucleo_f303re_driver
-- Up-to-date: /root/ws/src/install/stm32_nucleo_f303re_driver/share/stm32_nucleo_f303re_driver/environment/ament_prefix_path.sh
-- Up-to-date: /root/ws/src/install/stm32_nucleo_f303re_driver/share/stm32_nucleo_f303re_driver/environment/ament_prefix_path.dsv
-- Up-to-date: /root/ws/src/install/stm32_nucleo_f303re_driver/share/stm32_nucleo_f303re_driver/environment/path.sh
-- Up-to-date: /root/ws/src/install/stm32_nucleo_f303re_driver/share/stm32_nucleo_f303re_driver/environment/path.dsv
-- Up-to-date: /root/ws/src/install/stm32_nucleo_f303re_driver/share/stm32_nucleo_f303re_driver/local_setup.bash
-- Up-to-date: /root/ws/src/install/stm32_nucleo_f303re_driver/share/stm32_nucleo_f303re_driver/local_setup.sh
-- Up-to-date: /root/ws/src/install/stm32_nucleo_f303re_driver/share/stm32_nucleo_f303re_driver/local_setup.zsh
-- Up-to-date: /root/ws/src/install/stm32_nucleo_f303re_driver/share/stm32_nucleo_f303re_driver/local_setup.dsv
-- Installing: /root/ws/src/install/stm32_nucleo_f303re_driver/share/stm32_nucleo_f303re_driver/package.dsv
-- Up-to-date: /root/ws/src/install/stm32_nucleo_f303re_driver/share/ament_index/resource_index/packages/stm32_nucleo_f303re_driver
-- Up-to-date: /root/ws/src/install/stm32_nucleo_f303re_driver/share/stm32_nucleo_f303re_driver/cmake/export_stm32_nucleo_f303re_driver__rosidl_generator_cExport.cmake
-- Up-to-date: /root/ws/src/install/stm32_nucleo_f303re_driver/share/stm32_nucleo_f303re_driver/cmake/export_stm32_nucleo_f303re_driver__rosidl_generator_cExport-noconfig.cmake
-- Up-to-date: /root/ws/src/install/stm32_nucleo_f303re_driver/share/stm32_nucleo_f303re_driver/cmake/export_stm32_nucleo_f303re_driver__rosidl_typesupport_fastrtps_cExport.cmake
-- Up-to-date: /root/ws/src/install/stm32_nucleo_f303re_driver/share/stm32_nucleo_f303re_driver/cmake/export_stm32_nucleo_f303re_driver__rosidl_typesupport_fastrtps_cExport-noconfig.cmake
-- Up-to-date: /root/ws/src/install/stm32_nucleo_f303re_driver/share/stm32_nucleo_f303re_driver/cmake/export_stm32_nucleo_f303re_driver__rosidl_generator_cppExport.cmake
-- Up-to-date: /root/ws/src/install/stm32_nucleo_f303re_driver/share/stm32_nucleo_f303re_driver/cmake/export_stm32_nucleo_f303re_driver__rosidl_typesupport_fastrtps_cppExport.cmake
-- Up-to-date: /root/ws/src/install/stm32_nucleo_f303re_driver/share/stm32_nucleo_f303re_driver/cmake/export_stm32_nucleo_f303re_driver__rosidl_typesupport_fastrtps_cppExport-noconfig.cmake
-- Up-to-date: /root/ws/src/install/stm32_nucleo_f303re_driver/share/stm32_nucleo_f303re_driver/cmake/stm32_nucleo_f303re_driver__rosidl_typesupport_introspection_cExport.cmake
-- Up-to-date: /root/ws/src/install/stm32_nucleo_f303re_driver/share/stm32_nucleo_f303re_driver/cmake/stm32_nucleo_f303re_driver__rosidl_typesupport_introspection_cExport-noconfig.cmake
-- Up-to-date: /root/ws/src/install/stm32_nucleo_f303re_driver/share/stm32_nucleo_f303re_driver/cmake/stm32_nucleo_f303re_driver__rosidl_typesupport_cExport.cmake
-- Up-to-date: /root/ws/src/install/stm32_nucleo_f303re_driver/share/stm32_nucleo_f303re_driver/cmake/stm32_nucleo_f303re_driver__rosidl_typesupport_cExport-noconfig.cmake
-- Up-to-date: /root/ws/src/install/stm32_nucleo_f303re_driver/share/stm32_nucleo_f303re_driver/cmake/stm32_nucleo_f303re_driver__rosidl_typesupport_introspection_cppExport.cmake
-- Up-to-date: /root/ws/src/install/stm32_nucleo_f303re_driver/share/stm32_nucleo_f303re_driver/cmake/stm32_nucleo_f303re_driver__rosidl_typesupport_introspection_cppExport-noconfig.cmake
-- Up-to-date: /root/ws/src/install/stm32_nucleo_f303re_driver/share/stm32_nucleo_f303re_driver/cmake/stm32_nucleo_f303re_driver__rosidl_typesupport_cppExport.cmake
-- Up-to-date: /root/ws/src/install/stm32_nucleo_f303re_driver/share/stm32_nucleo_f303re_driver/cmake/stm32_nucleo_f303re_driver__rosidl_typesupport_cppExport-noconfig.cmake
-- Up-to-date: /root/ws/src/install/stm32_nucleo_f303re_driver/share/stm32_nucleo_f303re_driver/cmake/export_stm32_nucleo_f303re_driver__rosidl_generator_pyExport.cmake
-- Up-to-date: /root/ws/src/install/stm32_nucleo_f303re_driver/share/stm32_nucleo_f303re_driver/cmake/export_stm32_nucleo_f303re_driver__rosidl_generator_pyExport-noconfig.cmake
-- Up-to-date: /root/ws/src/install/stm32_nucleo_f303re_driver/share/stm32_nucleo_f303re_driver/cmake/rosidl_cmake-extras.cmake
-- Up-to-date: /root/ws/src/install/stm32_nucleo_f303re_driver/share/stm32_nucleo_f303re_driver/cmake/ament_cmake_export_dependencies-extras.cmake
-- Up-to-date: /root/ws/src/install/stm32_nucleo_f303re_driver/share/stm32_nucleo_f303re_driver/cmake/ament_cmake_export_include_directories-extras.cmake
-- Up-to-date: /root/ws/src/install/stm32_nucleo_f303re_driver/share/stm32_nucleo_f303re_driver/cmake/ament_cmake_export_libraries-extras.cmake
-- Up-to-date: /root/ws/src/install/stm32_nucleo_f303re_driver/share/stm32_nucleo_f303re_driver/cmake/ament_cmake_export_targets-extras.cmake
-- Up-to-date: /root/ws/src/install/stm32_nucleo_f303re_driver/share/stm32_nucleo_f303re_driver/cmake/rosidl_cmake_export_typesupport_targets-extras.cmake
-- Up-to-date: /root/ws/src/install/stm32_nucleo_f303re_driver/share/stm32_nucleo_f303re_driver/cmake/rosidl_cmake_export_typesupport_libraries-extras.cmake
-- Up-to-date: /root/ws/src/install/stm32_nucleo_f303re_driver/share/stm32_nucleo_f303re_driver/cmake/stm32_nucleo_f303re_driverConfig.cmake
-- Up-to-date: /root/ws/src/install/stm32_nucleo_f303re_driver/share/stm32_nucleo_f303re_driver/cmake/stm32_nucleo_f303re_driverConfig-version.cmake
-- Up-to-date: /root/ws/src/install/stm32_nucleo_f303re_driver/share/stm32_nucleo_f303re_driver/package.xml
