-- Install configuration: ""
-- Up-to-date: /root/ws/src/install/burger_bring_up/share/burger_bring_up//launch
-- Installing: /root/ws/src/install/burger_bring_up/share/burger_bring_up//launch/becon_cheese_burger_launch.py
-- Up-to-date: /root/ws/src/install/burger_bring_up/share/burger_bring_up//launch/burger_launch.py
-- Up-to-date: /root/ws/src/install/burger_bring_up/share/burger_bring_up//launch/cheese_burger_launch.py
-- Up-to-date: /root/ws/src/install/burger_bring_up/share/ament_index/resource_index/package_run_dependencies/burger_bring_up
-- Up-to-date: /root/ws/src/install/burger_bring_up/share/ament_index/resource_index/parent_prefix_path/burger_bring_up
-- Up-to-date: /root/ws/src/install/burger_bring_up/share/burger_bring_up/environment/ament_prefix_path.sh
-- Up-to-date: /root/ws/src/install/burger_bring_up/share/burger_bring_up/environment/ament_prefix_path.dsv
-- Up-to-date: /root/ws/src/install/burger_bring_up/share/burger_bring_up/environment/path.sh
-- Up-to-date: /root/ws/src/install/burger_bring_up/share/burger_bring_up/environment/path.dsv
-- Up-to-date: /root/ws/src/install/burger_bring_up/share/burger_bring_up/local_setup.bash
-- Up-to-date: /root/ws/src/install/burger_bring_up/share/burger_bring_up/local_setup.sh
-- Up-to-date: /root/ws/src/install/burger_bring_up/share/burger_bring_up/local_setup.zsh
-- Up-to-date: /root/ws/src/install/burger_bring_up/share/burger_bring_up/local_setup.dsv
-- Installing: /root/ws/src/install/burger_bring_up/share/burger_bring_up/package.dsv
-- Up-to-date: /root/ws/src/install/burger_bring_up/share/ament_index/resource_index/packages/burger_bring_up
-- Up-to-date: /root/ws/src/install/burger_bring_up/share/burger_bring_up/cmake/burger_bring_upConfig.cmake
-- Up-to-date: /root/ws/src/install/burger_bring_up/share/burger_bring_up/cmake/burger_bring_upConfig-version.cmake
-- Up-to-date: /root/ws/src/install/burger_bring_up/share/burger_bring_up/package.xml
