-- The C compiler identification is GNU 11.4.0
-- The CXX compiler identification is GNU 11.4.0
-- Detecting C compiler ABI info
-- Detecting C compiler ABI info - done
-- Check for working C compiler: /usr/bin/cc - skipped
-- Detecting C compile features
-- Detecting C compile features - done
-- Detecting CXX compiler ABI info
-- Detecting CXX compiler ABI info - done
-- Check for working CXX compiler: /usr/bin/c++ - skipped
-- Detecting CXX compile features
-- Detecting CXX compile features - done
-- Found ament_cmake: 1.3.12 (/opt/ros/humble/share/ament_cmake/cmake)
-- Found Python3: /usr/bin/python3 (found version "3.10.12") found components: Interpreter 
-- Found rclcpp: 16.0.15 (/opt/ros/humble/share/rclcpp/cmake)
-- Found rosidl_generator_c: 3.1.7 (/opt/ros/humble/share/rosidl_generator_c/cmake)
-- Found rosidl_adapter: 3.1.7 (/opt/ros/humble/share/rosidl_adapter/cmake)
-- Found rosidl_generator_cpp: 3.1.7 (/opt/ros/humble/share/rosidl_generator_cpp/cmake)
-- Using all available rosidl_typesupport_c: rosidl_typesupport_fastrtps_c;rosidl_typesupport_introspection_c
-- Using all available rosidl_typesupport_cpp: rosidl_typesupport_fastrtps_cpp;rosidl_typesupport_introspection_cpp
-- Found rmw_implementation_cmake: 6.1.2 (/opt/ros/humble/share/rmw_implementation_cmake/cmake)
-- Found rmw_fastrtps_cpp: 6.2.9 (/opt/ros/humble/share/rmw_fastrtps_cpp/cmake)
-- Found OpenSSL: /usr/lib/aarch64-linux-gnu/libcrypto.so (found version "3.0.2")  
-- Found FastRTPS: /opt/ros/humble/include  
-- Using RMW implementation 'rmw_fastrtps_cpp' as default
-- Looking for pthread.h
-- Looking for pthread.h - found
-- Performing Test CMAKE_HAVE_LIBC_PTHREAD
-- Performing Test CMAKE_HAVE_LIBC_PTHREAD - Success
-- Found Threads: TRUE  
-- Found sensor_msgs: 4.9.0 (/opt/ros/humble/share/sensor_msgs/cmake)
-- Found tf2: 0.25.16 (/opt/ros/humble/share/tf2/cmake)
-- Found rosidl_default_generators: 1.2.0 (/opt/ros/humble/share/rosidl_default_generators/cmake)
-- Found ament_cmake_ros: 0.10.0 (/opt/ros/humble/share/ament_cmake_ros/cmake)
-- Using all available rosidl_typesupport_c: rosidl_typesupport_fastrtps_c;rosidl_typesupport_introspection_c
-- Using all available rosidl_typesupport_cpp: rosidl_typesupport_fastrtps_cpp;rosidl_typesupport_introspection_cpp
-- Found PythonInterp: /usr/bin/python3 (found suitable version "3.10.12", minimum required is "3.6") 
-- Found python_cmake_module: 0.10.0 (/opt/ros/humble/share/python_cmake_module/cmake)
-- Found PythonLibs: /usr/lib/aarch64-linux-gnu/libpython3.10.so (found suitable version "3.10.12", minimum required is "3.5") 
-- Using PYTHON_EXECUTABLE: /usr/bin/python3
-- Using PYTHON_INCLUDE_DIRS: /usr/include/python3.10
-- Using PYTHON_LIBRARIES: /usr/lib/aarch64-linux-gnu/libpython3.10.so
-- Found PythonExtra: .so  
-- Found ament_lint_auto: 0.12.14 (/opt/ros/humble/share/ament_lint_auto/cmake)
-- Added test 'cppcheck' to perform static code analysis on C / C++ code
-- Configured cppcheck include dirs: $<BUILD_INTERFACE:/root/ws/src/stm32_nucleo_f303re_driver/include/stm32_nucleo_f303re_driver>
-- Configured cppcheck exclude dirs and/or files: 
-- Added test 'flake8' to check Python code syntax and style conventions
-- Added test 'lint_cmake' to check CMake code style
-- Added test 'pep257' to check Python code against some of the docstring style conventions in PEP 257
-- Added test 'uncrustify' to check C / C++ code style
-- Configured uncrustify additional arguments: 
-- Added test 'xmllint' to check XML markup files
-- Configuring done
-- Generating done
-- Build files have been written to: /root/ws/src/build/stm32_nucleo_f303re_driver
[  3%] [34m[1mGenerating C code for ROS interfaces[0m
[  6%] [34m[1mGenerating C++ code for ROS interfaces[0m
[  6%] Built target ament_cmake_python_copy_stm32_nucleo_f303re_driver
running egg_info
creating stm32_nucleo_f303re_driver.egg-info
writing stm32_nucleo_f303re_driver.egg-info/PKG-INFO
writing dependency_links to stm32_nucleo_f303re_driver.egg-info/dependency_links.txt
writing top-level names to stm32_nucleo_f303re_driver.egg-info/top_level.txt
writing manifest file 'stm32_nucleo_f303re_driver.egg-info/SOURCES.txt'
reading manifest file 'stm32_nucleo_f303re_driver.egg-info/SOURCES.txt'
writing manifest file 'stm32_nucleo_f303re_driver.egg-info/SOURCES.txt'
[  9%] [32mBuilding C object CMakeFiles/stm32_nucleo_f303re_driver__rosidl_generator_c.dir/rosidl_generator_c/stm32_nucleo_f303re_driver/msg/detail/wheel_pwm__functions.c.o[0m
[  9%] Built target ament_cmake_python_build_stm32_nucleo_f303re_driver_egg
[  9%] Built target stm32_nucleo_f303re_driver__cpp
[ 12%] [34m[1mGenerating C++ type support for eProsima Fast-RTPS[0m
[ 15%] [34m[1mGenerating C++ type support dispatch for ROS interfaces[0m
[ 18%] [34m[1mGenerating C++ introspection for ROS interfaces[0m
[ 21%] [32m[1mLinking C shared library libstm32_nucleo_f303re_driver__rosidl_generator_c.so[0m
[ 21%] Built target stm32_nucleo_f303re_driver__rosidl_generator_c
[ 24%] [34m[1mGenerating C type support for eProsima Fast-RTPS[0m
[ 27%] [32mBuilding CXX object CMakeFiles/stm32_nucleo_f303re_driver__rosidl_typesupport_introspection_cpp.dir/rosidl_typesupport_introspection_cpp/stm32_nucleo_f303re_driver/msg/detail/wheel_pwm__type_support.cpp.o[0m
[ 30%] [32mBuilding CXX object CMakeFiles/stm32_nucleo_f303re_driver__rosidl_typesupport_cpp.dir/rosidl_typesupport_cpp/stm32_nucleo_f303re_driver/msg/wheel_pwm__type_support.cpp.o[0m
[ 33%] [32mBuilding CXX object CMakeFiles/stm32_nucleo_f303re_driver__rosidl_typesupport_fastrtps_cpp.dir/rosidl_typesupport_fastrtps_cpp/stm32_nucleo_f303re_driver/msg/detail/dds_fastrtps/wheel_pwm__type_support.cpp.o[0m
[ 36%] [32mBuilding CXX object CMakeFiles/stm32_nucleo_f303re_driver__rosidl_typesupport_fastrtps_c.dir/rosidl_typesupport_fastrtps_c/stm32_nucleo_f303re_driver/msg/detail/wheel_pwm__type_support_c.cpp.o[0m
[ 39%] [32m[1mLinking CXX shared library libstm32_nucleo_f303re_driver__rosidl_typesupport_cpp.so[0m
[ 42%] [32m[1mLinking CXX shared library libstm32_nucleo_f303re_driver__rosidl_typesupport_fastrtps_c.so[0m
[ 42%] Built target stm32_nucleo_f303re_driver__rosidl_typesupport_cpp
[ 45%] [34m[1mGenerating C introspection for ROS interfaces[0m
[ 45%] Built target stm32_nucleo_f303re_driver__rosidl_typesupport_fastrtps_c
[ 48%] [34m[1mGenerating C type support dispatch for ROS interfaces[0m
[ 51%] [32m[1mLinking CXX shared library libstm32_nucleo_f303re_driver__rosidl_typesupport_introspection_cpp.so[0m
[ 54%] [32m[1mLinking CXX shared library libstm32_nucleo_f303re_driver__rosidl_typesupport_fastrtps_cpp.so[0m
[ 54%] Built target stm32_nucleo_f303re_driver__rosidl_typesupport_introspection_cpp
[ 57%] [32mBuilding CXX object CMakeFiles/stm_driver.dir/src/stm_driver.cpp.o[0m
[ 57%] Built target stm32_nucleo_f303re_driver__rosidl_typesupport_fastrtps_cpp
[ 60%] [32mBuilding C object CMakeFiles/stm32_nucleo_f303re_driver__rosidl_typesupport_introspection_c.dir/rosidl_typesupport_introspection_c/stm32_nucleo_f303re_driver/msg/detail/wheel_pwm__type_support.c.o[0m
[ 63%] [32m[1mLinking C shared library libstm32_nucleo_f303re_driver__rosidl_typesupport_introspection_c.so[0m
[ 66%] [32mBuilding CXX object CMakeFiles/stm32_nucleo_f303re_driver__rosidl_typesupport_c.dir/rosidl_typesupport_c/stm32_nucleo_f303re_driver/msg/wheel_pwm__type_support.cpp.o[0m
[ 66%] Built target stm32_nucleo_f303re_driver__rosidl_typesupport_introspection_c
[ 69%] [32m[1mLinking CXX shared library libstm32_nucleo_f303re_driver__rosidl_typesupport_c.so[0m
[ 69%] Built target stm32_nucleo_f303re_driver__rosidl_typesupport_c
[ 69%] Built target stm32_nucleo_f303re_driver
[ 72%] [34m[1mGenerating Python code for ROS interfaces[0m
[ 72%] Built target stm32_nucleo_f303re_driver__py
[ 75%] [32mBuilding C object CMakeFiles/stm32_nucleo_f303re_driver__rosidl_generator_py.dir/rosidl_generator_py/stm32_nucleo_f303re_driver/msg/_wheel_pwm_s.c.o[0m
[ 78%] [32m[1mLinking C shared library rosidl_generator_py/stm32_nucleo_f303re_driver/libstm32_nucleo_f303re_driver__rosidl_generator_py.so[0m
[ 78%] Built target stm32_nucleo_f303re_driver__rosidl_generator_py
[ 81%] [32mBuilding C object CMakeFiles/stm32_nucleo_f303re_driver__rosidl_typesupport_fastrtps_c__pyext.dir/rosidl_generator_py/stm32_nucleo_f303re_driver/_stm32_nucleo_f303re_driver_s.ep.rosidl_typesupport_fastrtps_c.c.o[0m
[ 84%] [32mBuilding C object CMakeFiles/stm32_nucleo_f303re_driver__rosidl_typesupport_introspection_c__pyext.dir/rosidl_generator_py/stm32_nucleo_f303re_driver/_stm32_nucleo_f303re_driver_s.ep.rosidl_typesupport_introspection_c.c.o[0m
[ 87%] [32m[1mLinking C shared library rosidl_generator_py/stm32_nucleo_f303re_driver/stm32_nucleo_f303re_driver_s__rosidl_typesupport_introspection_c.cpython-310-aarch64-linux-gnu.so[0m
[ 90%] [32m[1mLinking C shared library rosidl_generator_py/stm32_nucleo_f303re_driver/stm32_nucleo_f303re_driver_s__rosidl_typesupport_fastrtps_c.cpython-310-aarch64-linux-gnu.so[0m
[ 90%] Built target stm32_nucleo_f303re_driver__rosidl_typesupport_introspection_c__pyext
[ 93%] [32mBuilding C object CMakeFiles/stm32_nucleo_f303re_driver__rosidl_typesupport_c__pyext.dir/rosidl_generator_py/stm32_nucleo_f303re_driver/_stm32_nucleo_f303re_driver_s.ep.rosidl_typesupport_c.c.o[0m
[ 93%] Built target stm32_nucleo_f303re_driver__rosidl_typesupport_fastrtps_c__pyext
[ 96%] [32m[1mLinking C shared library rosidl_generator_py/stm32_nucleo_f303re_driver/stm32_nucleo_f303re_driver_s__rosidl_typesupport_c.cpython-310-aarch64-linux-gnu.so[0m
[ 96%] Built target stm32_nucleo_f303re_driver__rosidl_typesupport_c__pyext
[100%] [32m[1mLinking CXX executable stm_driver[0m
[100%] Built target stm_driver
-- Install configuration: ""
-- Installing: /root/ws/src/install/stm32_nucleo_f303re_driver/share/ament_index/resource_index/rosidl_interfaces/stm32_nucleo_f303re_driver
-- Installing: /root/ws/src/install/stm32_nucleo_f303re_driver/include/stm32_nucleo_f303re_driver/stm32_nucleo_f303re_driver
-- Installing: /root/ws/src/install/stm32_nucleo_f303re_driver/include/stm32_nucleo_f303re_driver/stm32_nucleo_f303re_driver/msg
-- Installing: /root/ws/src/install/stm32_nucleo_f303re_driver/include/stm32_nucleo_f303re_driver/stm32_nucleo_f303re_driver/msg/wheel_pwm.h
-- Installing: /root/ws/src/install/stm32_nucleo_f303re_driver/include/stm32_nucleo_f303re_driver/stm32_nucleo_f303re_driver/msg/rosidl_generator_c__visibility_control.h
-- Installing: /root/ws/src/install/stm32_nucleo_f303re_driver/include/stm32_nucleo_f303re_driver/stm32_nucleo_f303re_driver/msg/detail
-- Installing: /root/ws/src/install/stm32_nucleo_f303re_driver/include/stm32_nucleo_f303re_driver/stm32_nucleo_f303re_driver/msg/detail/wheel_pwm__functions.c
-- Installing: /root/ws/src/install/stm32_nucleo_f303re_driver/include/stm32_nucleo_f303re_driver/stm32_nucleo_f303re_driver/msg/detail/wheel_pwm__struct.h
-- Installing: /root/ws/src/install/stm32_nucleo_f303re_driver/include/stm32_nucleo_f303re_driver/stm32_nucleo_f303re_driver/msg/detail/wheel_pwm__type_support.h
-- Installing: /root/ws/src/install/stm32_nucleo_f303re_driver/include/stm32_nucleo_f303re_driver/stm32_nucleo_f303re_driver/msg/detail/wheel_pwm__functions.h
-- Installing: /root/ws/src/install/stm32_nucleo_f303re_driver/share/stm32_nucleo_f303re_driver/environment/library_path.sh
-- Installing: /root/ws/src/install/stm32_nucleo_f303re_driver/share/stm32_nucleo_f303re_driver/environment/library_path.dsv
-- Installing: /root/ws/src/install/stm32_nucleo_f303re_driver/lib/libstm32_nucleo_f303re_driver__rosidl_generator_c.so
-- Set runtime path of "/root/ws/src/install/stm32_nucleo_f303re_driver/lib/libstm32_nucleo_f303re_driver__rosidl_generator_c.so" to ""
-- Up-to-date: /root/ws/src/install/stm32_nucleo_f303re_driver/include/stm32_nucleo_f303re_driver/stm32_nucleo_f303re_driver
-- Up-to-date: /root/ws/src/install/stm32_nucleo_f303re_driver/include/stm32_nucleo_f303re_driver/stm32_nucleo_f303re_driver/msg
-- Installing: /root/ws/src/install/stm32_nucleo_f303re_driver/include/stm32_nucleo_f303re_driver/stm32_nucleo_f303re_driver/msg/rosidl_typesupport_fastrtps_c__visibility_control.h
-- Up-to-date: /root/ws/src/install/stm32_nucleo_f303re_driver/include/stm32_nucleo_f303re_driver/stm32_nucleo_f303re_driver/msg/detail
-- Installing: /root/ws/src/install/stm32_nucleo_f303re_driver/include/stm32_nucleo_f303re_driver/stm32_nucleo_f303re_driver/msg/detail/wheel_pwm__rosidl_typesupport_fastrtps_c.h
-- Installing: /root/ws/src/install/stm32_nucleo_f303re_driver/lib/libstm32_nucleo_f303re_driver__rosidl_typesupport_fastrtps_c.so
-- Set runtime path of "/root/ws/src/install/stm32_nucleo_f303re_driver/lib/libstm32_nucleo_f303re_driver__rosidl_typesupport_fastrtps_c.so" to ""
-- Up-to-date: /root/ws/src/install/stm32_nucleo_f303re_driver/include/stm32_nucleo_f303re_driver/stm32_nucleo_f303re_driver
-- Up-to-date: /root/ws/src/install/stm32_nucleo_f303re_driver/include/stm32_nucleo_f303re_driver/stm32_nucleo_f303re_driver/msg
-- Installing: /root/ws/src/install/stm32_nucleo_f303re_driver/include/stm32_nucleo_f303re_driver/stm32_nucleo_f303re_driver/msg/rosidl_generator_cpp__visibility_control.hpp
-- Installing: /root/ws/src/install/stm32_nucleo_f303re_driver/include/stm32_nucleo_f303re_driver/stm32_nucleo_f303re_driver/msg/wheel_pwm.hpp
-- Up-to-date: /root/ws/src/install/stm32_nucleo_f303re_driver/include/stm32_nucleo_f303re_driver/stm32_nucleo_f303re_driver/msg/detail
-- Installing: /root/ws/src/install/stm32_nucleo_f303re_driver/include/stm32_nucleo_f303re_driver/stm32_nucleo_f303re_driver/msg/detail/wheel_pwm__type_support.hpp
-- Installing: /root/ws/src/install/stm32_nucleo_f303re_driver/include/stm32_nucleo_f303re_driver/stm32_nucleo_f303re_driver/msg/detail/wheel_pwm__struct.hpp
-- Installing: /root/ws/src/install/stm32_nucleo_f303re_driver/include/stm32_nucleo_f303re_driver/stm32_nucleo_f303re_driver/msg/detail/wheel_pwm__builder.hpp
-- Installing: /root/ws/src/install/stm32_nucleo_f303re_driver/include/stm32_nucleo_f303re_driver/stm32_nucleo_f303re_driver/msg/detail/wheel_pwm__traits.hpp
-- Up-to-date: /root/ws/src/install/stm32_nucleo_f303re_driver/include/stm32_nucleo_f303re_driver/stm32_nucleo_f303re_driver
-- Up-to-date: /root/ws/src/install/stm32_nucleo_f303re_driver/include/stm32_nucleo_f303re_driver/stm32_nucleo_f303re_driver/msg
-- Installing: /root/ws/src/install/stm32_nucleo_f303re_driver/include/stm32_nucleo_f303re_driver/stm32_nucleo_f303re_driver/msg/rosidl_typesupport_fastrtps_cpp__visibility_control.h
-- Up-to-date: /root/ws/src/install/stm32_nucleo_f303re_driver/include/stm32_nucleo_f303re_driver/stm32_nucleo_f303re_driver/msg/detail
-- Installing: /root/ws/src/install/stm32_nucleo_f303re_driver/include/stm32_nucleo_f303re_driver/stm32_nucleo_f303re_driver/msg/detail/dds_fastrtps
-- Installing: /root/ws/src/install/stm32_nucleo_f303re_driver/include/stm32_nucleo_f303re_driver/stm32_nucleo_f303re_driver/msg/detail/wheel_pwm__rosidl_typesupport_fastrtps_cpp.hpp
-- Installing: /root/ws/src/install/stm32_nucleo_f303re_driver/lib/libstm32_nucleo_f303re_driver__rosidl_typesupport_fastrtps_cpp.so
-- Set runtime path of "/root/ws/src/install/stm32_nucleo_f303re_driver/lib/libstm32_nucleo_f303re_driver__rosidl_typesupport_fastrtps_cpp.so" to ""
-- Up-to-date: /root/ws/src/install/stm32_nucleo_f303re_driver/include/stm32_nucleo_f303re_driver/stm32_nucleo_f303re_driver
-- Up-to-date: /root/ws/src/install/stm32_nucleo_f303re_driver/include/stm32_nucleo_f303re_driver/stm32_nucleo_f303re_driver/msg
-- Installing: /root/ws/src/install/stm32_nucleo_f303re_driver/include/stm32_nucleo_f303re_driver/stm32_nucleo_f303re_driver/msg/rosidl_typesupport_introspection_c__visibility_control.h
-- Up-to-date: /root/ws/src/install/stm32_nucleo_f303re_driver/include/stm32_nucleo_f303re_driver/stm32_nucleo_f303re_driver/msg/detail
-- Installing: /root/ws/src/install/stm32_nucleo_f303re_driver/include/stm32_nucleo_f303re_driver/stm32_nucleo_f303re_driver/msg/detail/wheel_pwm__type_support.c
-- Installing: /root/ws/src/install/stm32_nucleo_f303re_driver/include/stm32_nucleo_f303re_driver/stm32_nucleo_f303re_driver/msg/detail/wheel_pwm__rosidl_typesupport_introspection_c.h
-- Installing: /root/ws/src/install/stm32_nucleo_f303re_driver/lib/libstm32_nucleo_f303re_driver__rosidl_typesupport_introspection_c.so
-- Set runtime path of "/root/ws/src/install/stm32_nucleo_f303re_driver/lib/libstm32_nucleo_f303re_driver__rosidl_typesupport_introspection_c.so" to ""
-- Installing: /root/ws/src/install/stm32_nucleo_f303re_driver/lib/libstm32_nucleo_f303re_driver__rosidl_typesupport_c.so
-- Set runtime path of "/root/ws/src/install/stm32_nucleo_f303re_driver/lib/libstm32_nucleo_f303re_driver__rosidl_typesupport_c.so" to ""
-- Up-to-date: /root/ws/src/install/stm32_nucleo_f303re_driver/include/stm32_nucleo_f303re_driver/stm32_nucleo_f303re_driver
-- Up-to-date: /root/ws/src/install/stm32_nucleo_f303re_driver/include/stm32_nucleo_f303re_driver/stm32_nucleo_f303re_driver/msg
-- Up-to-date: /root/ws/src/install/stm32_nucleo_f303re_driver/include/stm32_nucleo_f303re_driver/stm32_nucleo_f303re_driver/msg/detail
-- Installing: /root/ws/src/install/stm32_nucleo_f303re_driver/include/stm32_nucleo_f303re_driver/stm32_nucleo_f303re_driver/msg/detail/wheel_pwm__type_support.cpp
-- Installing: /root/ws/src/install/stm32_nucleo_f303re_driver/include/stm32_nucleo_f303re_driver/stm32_nucleo_f303re_driver/msg/detail/wheel_pwm__rosidl_typesupport_introspection_cpp.hpp
-- Installing: /root/ws/src/install/stm32_nucleo_f303re_driver/lib/libstm32_nucleo_f303re_driver__rosidl_typesupport_introspection_cpp.so
-- Set runtime path of "/root/ws/src/install/stm32_nucleo_f303re_driver/lib/libstm32_nucleo_f303re_driver__rosidl_typesupport_introspection_cpp.so" to ""
-- Installing: /root/ws/src/install/stm32_nucleo_f303re_driver/lib/libstm32_nucleo_f303re_driver__rosidl_typesupport_cpp.so
-- Set runtime path of "/root/ws/src/install/stm32_nucleo_f303re_driver/lib/libstm32_nucleo_f303re_driver__rosidl_typesupport_cpp.so" to ""
-- Installing: /root/ws/src/install/stm32_nucleo_f303re_driver/share/stm32_nucleo_f303re_driver/environment/pythonpath.sh
-- Installing: /root/ws/src/install/stm32_nucleo_f303re_driver/share/stm32_nucleo_f303re_driver/environment/pythonpath.dsv
-- Installing: /root/ws/src/install/stm32_nucleo_f303re_driver/local/lib/python3.10/dist-packages/stm32_nucleo_f303re_driver-0.1.0-py3.10.egg-info
-- Installing: /root/ws/src/install/stm32_nucleo_f303re_driver/local/lib/python3.10/dist-packages/stm32_nucleo_f303re_driver-0.1.0-py3.10.egg-info/top_level.txt
-- Installing: /root/ws/src/install/stm32_nucleo_f303re_driver/local/lib/python3.10/dist-packages/stm32_nucleo_f303re_driver-0.1.0-py3.10.egg-info/dependency_links.txt
-- Installing: /root/ws/src/install/stm32_nucleo_f303re_driver/local/lib/python3.10/dist-packages/stm32_nucleo_f303re_driver-0.1.0-py3.10.egg-info/PKG-INFO
-- Installing: /root/ws/src/install/stm32_nucleo_f303re_driver/local/lib/python3.10/dist-packages/stm32_nucleo_f303re_driver-0.1.0-py3.10.egg-info/SOURCES.txt
-- Installing: /root/ws/src/install/stm32_nucleo_f303re_driver/local/lib/python3.10/dist-packages/stm32_nucleo_f303re_driver
-- Installing: /root/ws/src/install/stm32_nucleo_f303re_driver/local/lib/python3.10/dist-packages/stm32_nucleo_f303re_driver/stm32_nucleo_f303re_driver_s__rosidl_typesupport_fastrtps_c.cpython-310-aarch64-linux-gnu.so
-- Installing: /root/ws/src/install/stm32_nucleo_f303re_driver/local/lib/python3.10/dist-packages/stm32_nucleo_f303re_driver/stm32_nucleo_f303re_driver_s__rosidl_typesupport_introspection_c.cpython-310-aarch64-linux-gnu.so
-- Installing: /root/ws/src/install/stm32_nucleo_f303re_driver/local/lib/python3.10/dist-packages/stm32_nucleo_f303re_driver/_stm32_nucleo_f303re_driver_s.ep.rosidl_typesupport_fastrtps_c.c
-- Installing: /root/ws/src/install/stm32_nucleo_f303re_driver/local/lib/python3.10/dist-packages/stm32_nucleo_f303re_driver/libstm32_nucleo_f303re_driver__rosidl_generator_py.so
-- Installing: /root/ws/src/install/stm32_nucleo_f303re_driver/local/lib/python3.10/dist-packages/stm32_nucleo_f303re_driver/stm32_nucleo_f303re_driver_s__rosidl_typesupport_c.cpython-310-aarch64-linux-gnu.so
-- Installing: /root/ws/src/install/stm32_nucleo_f303re_driver/local/lib/python3.10/dist-packages/stm32_nucleo_f303re_driver/msg
-- Installing: /root/ws/src/install/stm32_nucleo_f303re_driver/local/lib/python3.10/dist-packages/stm32_nucleo_f303re_driver/msg/_wheel_pwm.py
-- Installing: /root/ws/src/install/stm32_nucleo_f303re_driver/local/lib/python3.10/dist-packages/stm32_nucleo_f303re_driver/msg/_wheel_pwm_s.c
-- Installing: /root/ws/src/install/stm32_nucleo_f303re_driver/local/lib/python3.10/dist-packages/stm32_nucleo_f303re_driver/msg/__init__.py
-- Installing: /root/ws/src/install/stm32_nucleo_f303re_driver/local/lib/python3.10/dist-packages/stm32_nucleo_f303re_driver/_stm32_nucleo_f303re_driver_s.ep.rosidl_typesupport_introspection_c.c
-- Installing: /root/ws/src/install/stm32_nucleo_f303re_driver/local/lib/python3.10/dist-packages/stm32_nucleo_f303re_driver/_stm32_nucleo_f303re_driver_s.ep.rosidl_typesupport_c.c
-- Installing: /root/ws/src/install/stm32_nucleo_f303re_driver/local/lib/python3.10/dist-packages/stm32_nucleo_f303re_driver/__init__.py
Listing '/root/ws/src/install/stm32_nucleo_f303re_driver/local/lib/python3.10/dist-packages/stm32_nucleo_f303re_driver'...
Compiling '/root/ws/src/install/stm32_nucleo_f303re_driver/local/lib/python3.10/dist-packages/stm32_nucleo_f303re_driver/__init__.py'...
Listing '/root/ws/src/install/stm32_nucleo_f303re_driver/local/lib/python3.10/dist-packages/stm32_nucleo_f303re_driver/msg'...
Compiling '/root/ws/src/install/stm32_nucleo_f303re_driver/local/lib/python3.10/dist-packages/stm32_nucleo_f303re_driver/msg/__init__.py'...
Compiling '/root/ws/src/install/stm32_nucleo_f303re_driver/local/lib/python3.10/dist-packages/stm32_nucleo_f303re_driver/msg/_wheel_pwm.py'...
-- Installing: /root/ws/src/install/stm32_nucleo_f303re_driver/local/lib/python3.10/dist-packages/stm32_nucleo_f303re_driver/stm32_nucleo_f303re_driver_s__rosidl_typesupport_fastrtps_c.cpython-310-aarch64-linux-gnu.so
-- Set runtime path of "/root/ws/src/install/stm32_nucleo_f303re_driver/local/lib/python3.10/dist-packages/stm32_nucleo_f303re_driver/stm32_nucleo_f303re_driver_s__rosidl_typesupport_fastrtps_c.cpython-310-aarch64-linux-gnu.so" to ""
-- Installing: /root/ws/src/install/stm32_nucleo_f303re_driver/local/lib/python3.10/dist-packages/stm32_nucleo_f303re_driver/stm32_nucleo_f303re_driver_s__rosidl_typesupport_introspection_c.cpython-310-aarch64-linux-gnu.so
-- Set runtime path of "/root/ws/src/install/stm32_nucleo_f303re_driver/local/lib/python3.10/dist-packages/stm32_nucleo_f303re_driver/stm32_nucleo_f303re_driver_s__rosidl_typesupport_introspection_c.cpython-310-aarch64-linux-gnu.so" to ""
-- Installing: /root/ws/src/install/stm32_nucleo_f303re_driver/local/lib/python3.10/dist-packages/stm32_nucleo_f303re_driver/stm32_nucleo_f303re_driver_s__rosidl_typesupport_c.cpython-310-aarch64-linux-gnu.so
-- Set runtime path of "/root/ws/src/install/stm32_nucleo_f303re_driver/local/lib/python3.10/dist-packages/stm32_nucleo_f303re_driver/stm32_nucleo_f303re_driver_s__rosidl_typesupport_c.cpython-310-aarch64-linux-gnu.so" to ""
-- Installing: /root/ws/src/install/stm32_nucleo_f303re_driver/lib/libstm32_nucleo_f303re_driver__rosidl_generator_py.so
-- Set runtime path of "/root/ws/src/install/stm32_nucleo_f303re_driver/lib/libstm32_nucleo_f303re_driver__rosidl_generator_py.so" to ""
-- Installing: /root/ws/src/install/stm32_nucleo_f303re_driver/share/stm32_nucleo_f303re_driver/msg/WheelPwm.idl
-- Installing: /root/ws/src/install/stm32_nucleo_f303re_driver/share/stm32_nucleo_f303re_driver/msg/WheelPwm.msg
-- Installing: /root/ws/src/install/stm32_nucleo_f303re_driver/lib/stm32_nucleo_f303re_driver/stm_driver
-- Set runtime path of "/root/ws/src/install/stm32_nucleo_f303re_driver/lib/stm32_nucleo_f303re_driver/stm_driver" to ""
-- Installing: /root/ws/src/install/stm32_nucleo_f303re_driver/share/stm32_nucleo_f303re_driver//launch
-- Installing: /root/ws/src/install/stm32_nucleo_f303re_driver/share/stm32_nucleo_f303re_driver//launch/burger_launch.py
-- Up-to-date: /root/ws/src/install/stm32_nucleo_f303re_driver/include
-- Up-to-date: /root/ws/src/install/stm32_nucleo_f303re_driver/include/stm32_nucleo_f303re_driver
-- Installing: /root/ws/src/install/stm32_nucleo_f303re_driver/include/stm32_nucleo_f303re_driver/parsing_types.hpp
-- Installing: /root/ws/src/install/stm32_nucleo_f303re_driver/share/ament_index/resource_index/package_run_dependencies/stm32_nucleo_f303re_driver
-- Installing: /root/ws/src/install/stm32_nucleo_f303re_driver/share/ament_index/resource_index/parent_prefix_path/stm32_nucleo_f303re_driver
-- Installing: /root/ws/src/install/stm32_nucleo_f303re_driver/share/stm32_nucleo_f303re_driver/environment/ament_prefix_path.sh
-- Installing: /root/ws/src/install/stm32_nucleo_f303re_driver/share/stm32_nucleo_f303re_driver/environment/ament_prefix_path.dsv
-- Installing: /root/ws/src/install/stm32_nucleo_f303re_driver/share/stm32_nucleo_f303re_driver/environment/path.sh
-- Installing: /root/ws/src/install/stm32_nucleo_f303re_driver/share/stm32_nucleo_f303re_driver/environment/path.dsv
-- Installing: /root/ws/src/install/stm32_nucleo_f303re_driver/share/stm32_nucleo_f303re_driver/local_setup.bash
-- Installing: /root/ws/src/install/stm32_nucleo_f303re_driver/share/stm32_nucleo_f303re_driver/local_setup.sh
-- Installing: /root/ws/src/install/stm32_nucleo_f303re_driver/share/stm32_nucleo_f303re_driver/local_setup.zsh
-- Installing: /root/ws/src/install/stm32_nucleo_f303re_driver/share/stm32_nucleo_f303re_driver/local_setup.dsv
-- Installing: /root/ws/src/install/stm32_nucleo_f303re_driver/share/stm32_nucleo_f303re_driver/package.dsv
-- Installing: /root/ws/src/install/stm32_nucleo_f303re_driver/share/ament_index/resource_index/packages/stm32_nucleo_f303re_driver
-- Installing: /root/ws/src/install/stm32_nucleo_f303re_driver/share/stm32_nucleo_f303re_driver/cmake/export_stm32_nucleo_f303re_driver__rosidl_generator_cExport.cmake
-- Installing: /root/ws/src/install/stm32_nucleo_f303re_driver/share/stm32_nucleo_f303re_driver/cmake/export_stm32_nucleo_f303re_driver__rosidl_generator_cExport-noconfig.cmake
-- Installing: /root/ws/src/install/stm32_nucleo_f303re_driver/share/stm32_nucleo_f303re_driver/cmake/export_stm32_nucleo_f303re_driver__rosidl_typesupport_fastrtps_cExport.cmake
-- Installing: /root/ws/src/install/stm32_nucleo_f303re_driver/share/stm32_nucleo_f303re_driver/cmake/export_stm32_nucleo_f303re_driver__rosidl_typesupport_fastrtps_cExport-noconfig.cmake
-- Installing: /root/ws/src/install/stm32_nucleo_f303re_driver/share/stm32_nucleo_f303re_driver/cmake/export_stm32_nucleo_f303re_driver__rosidl_generator_cppExport.cmake
-- Installing: /root/ws/src/install/stm32_nucleo_f303re_driver/share/stm32_nucleo_f303re_driver/cmake/export_stm32_nucleo_f303re_driver__rosidl_typesupport_fastrtps_cppExport.cmake
-- Installing: /root/ws/src/install/stm32_nucleo_f303re_driver/share/stm32_nucleo_f303re_driver/cmake/export_stm32_nucleo_f303re_driver__rosidl_typesupport_fastrtps_cppExport-noconfig.cmake
-- Installing: /root/ws/src/install/stm32_nucleo_f303re_driver/share/stm32_nucleo_f303re_driver/cmake/stm32_nucleo_f303re_driver__rosidl_typesupport_introspection_cExport.cmake
-- Installing: /root/ws/src/install/stm32_nucleo_f303re_driver/share/stm32_nucleo_f303re_driver/cmake/stm32_nucleo_f303re_driver__rosidl_typesupport_introspection_cExport-noconfig.cmake
-- Installing: /root/ws/src/install/stm32_nucleo_f303re_driver/share/stm32_nucleo_f303re_driver/cmake/stm32_nucleo_f303re_driver__rosidl_typesupport_cExport.cmake
-- Installing: /root/ws/src/install/stm32_nucleo_f303re_driver/share/stm32_nucleo_f303re_driver/cmake/stm32_nucleo_f303re_driver__rosidl_typesupport_cExport-noconfig.cmake
-- Installing: /root/ws/src/install/stm32_nucleo_f303re_driver/share/stm32_nucleo_f303re_driver/cmake/stm32_nucleo_f303re_driver__rosidl_typesupport_introspection_cppExport.cmake
-- Installing: /root/ws/src/install/stm32_nucleo_f303re_driver/share/stm32_nucleo_f303re_driver/cmake/stm32_nucleo_f303re_driver__rosidl_typesupport_introspection_cppExport-noconfig.cmake
-- Installing: /root/ws/src/install/stm32_nucleo_f303re_driver/share/stm32_nucleo_f303re_driver/cmake/stm32_nucleo_f303re_driver__rosidl_typesupport_cppExport.cmake
-- Installing: /root/ws/src/install/stm32_nucleo_f303re_driver/share/stm32_nucleo_f303re_driver/cmake/stm32_nucleo_f303re_driver__rosidl_typesupport_cppExport-noconfig.cmake
-- Installing: /root/ws/src/install/stm32_nucleo_f303re_driver/share/stm32_nucleo_f303re_driver/cmake/export_stm32_nucleo_f303re_driver__rosidl_generator_pyExport.cmake
-- Installing: /root/ws/src/install/stm32_nucleo_f303re_driver/share/stm32_nucleo_f303re_driver/cmake/export_stm32_nucleo_f303re_driver__rosidl_generator_pyExport-noconfig.cmake
-- Installing: /root/ws/src/install/stm32_nucleo_f303re_driver/share/stm32_nucleo_f303re_driver/cmake/rosidl_cmake-extras.cmake
-- Installing: /root/ws/src/install/stm32_nucleo_f303re_driver/share/stm32_nucleo_f303re_driver/cmake/ament_cmake_export_dependencies-extras.cmake
-- Installing: /root/ws/src/install/stm32_nucleo_f303re_driver/share/stm32_nucleo_f303re_driver/cmake/ament_cmake_export_include_directories-extras.cmake
-- Installing: /root/ws/src/install/stm32_nucleo_f303re_driver/share/stm32_nucleo_f303re_driver/cmake/ament_cmake_export_libraries-extras.cmake
-- Installing: /root/ws/src/install/stm32_nucleo_f303re_driver/share/stm32_nucleo_f303re_driver/cmake/ament_cmake_export_targets-extras.cmake
-- Installing: /root/ws/src/install/stm32_nucleo_f303re_driver/share/stm32_nucleo_f303re_driver/cmake/rosidl_cmake_export_typesupport_targets-extras.cmake
-- Installing: /root/ws/src/install/stm32_nucleo_f303re_driver/share/stm32_nucleo_f303re_driver/cmake/rosidl_cmake_export_typesupport_libraries-extras.cmake
-- Installing: /root/ws/src/install/stm32_nucleo_f303re_driver/share/stm32_nucleo_f303re_driver/cmake/stm32_nucleo_f303re_driverConfig.cmake
-- Installing: /root/ws/src/install/stm32_nucleo_f303re_driver/share/stm32_nucleo_f303re_driver/cmake/stm32_nucleo_f303re_driverConfig-version.cmake
-- Installing: /root/ws/src/install/stm32_nucleo_f303re_driver/share/stm32_nucleo_f303re_driver/package.xml
